<?xml version="1.0" encoding="UTF-8"?>
<!-- Generated by org.testng.reporters.JUnitXMLReporter -->
<testsuite hostname="DESKTOP-BTIBFS2" ignored="0" name="Default test" tests="1768" failures="0" timestamp="30 Dec 2018 03:27:38 GMT" time="2.612" errors="0">
  <testcase name="test_other_code_is_not_matched" time="0.01" classname="lk.ac.mrt.cse.mscresearch.codeclones.PrimitiveOpDecodeRegExTest"/>
  <testcase name="test_other_code_is_not_matched" time="0.001" classname="lk.ac.mrt.cse.mscresearch.codeclones.PrimitiveOpDecodeRegExTest"/>
  <testcase name="test_other_code_is_not_matched" time="0.001" classname="lk.ac.mrt.cse.mscresearch.codeclones.PrimitiveOpDecodeRegExTest"/>
  <testcase name="test_other_code_is_not_matched" time="0.001" classname="lk.ac.mrt.cse.mscresearch.codeclones.PrimitiveOpDecodeRegExTest"/>
  <testcase name="test_other_code_is_not_matched" time="0.002" classname="lk.ac.mrt.cse.mscresearch.codeclones.PrimitiveOpDecodeRegExTest"/>
  <testcase name="test_other_code_is_not_matched" time="0.001" classname="lk.ac.mrt.cse.mscresearch.codeclones.PrimitiveOpDecodeRegExTest"/>
  <testcase name="test_other_code_is_not_matched" time="0.001" classname="lk.ac.mrt.cse.mscresearch.codeclones.PrimitiveOpDecodeRegExTest"/>
  <testcase name="test_other_code_is_not_matched" time="0.001" classname="lk.ac.mrt.cse.mscresearch.codeclones.PrimitiveOpDecodeRegExTest"/>
  <testcase name="test_other_code_is_not_matched" time="0.001" classname="lk.ac.mrt.cse.mscresearch.codeclones.PrimitiveOpDecodeRegExTest"/>
  <testcase name="test_other_code_is_not_matched" time="0.002" classname="lk.ac.mrt.cse.mscresearch.codeclones.PrimitiveOpDecodeRegExTest"/>
  <testcase name="test_other_code_is_not_matched" time="0.002" classname="lk.ac.mrt.cse.mscresearch.codeclones.PrimitiveOpDecodeRegExTest"/>
  <testcase name="test_other_code_is_not_matched" time="0.001" classname="lk.ac.mrt.cse.mscresearch.codeclones.PrimitiveOpDecodeRegExTest"/>
  <testcase name="test_other_code_is_not_matched" time="0.0" classname="lk.ac.mrt.cse.mscresearch.codeclones.PrimitiveOpDecodeRegExTest"/>
  <testcase name="test_other_code_is_not_matched" time="0.001" classname="lk.ac.mrt.cse.mscresearch.codeclones.PrimitiveOpDecodeRegExTest"/>
  <testcase name="test_other_code_is_not_matched" time="0.001" classname="lk.ac.mrt.cse.mscresearch.codeclones.PrimitiveOpDecodeRegExTest"/>
  <testcase name="test_other_code_is_not_matched" time="0.001" classname="lk.ac.mrt.cse.mscresearch.codeclones.PrimitiveOpDecodeRegExTest"/>
  <testcase name="test_other_code_is_not_matched" time="0.001" classname="lk.ac.mrt.cse.mscresearch.codeclones.PrimitiveOpDecodeRegExTest"/>
  <testcase name="test_other_code_is_not_matched" time="0.001" classname="lk.ac.mrt.cse.mscresearch.codeclones.PrimitiveOpDecodeRegExTest"/>
  <testcase name="test_other_code_is_not_matched" time="0.001" classname="lk.ac.mrt.cse.mscresearch.codeclones.PrimitiveOpDecodeRegExTest"/>
  <testcase name="test_other_code_is_not_matched" time="0.0" classname="lk.ac.mrt.cse.mscresearch.codeclones.PrimitiveOpDecodeRegExTest"/>
  <testcase name="test_other_code_is_not_matched" time="0.001" classname="lk.ac.mrt.cse.mscresearch.codeclones.PrimitiveOpDecodeRegExTest"/>
  <testcase name="test_other_code_is_not_matched" time="0.003" classname="lk.ac.mrt.cse.mscresearch.codeclones.PrimitiveOpDecodeRegExTest"/>
  <testcase name="test_other_code_is_not_matched" time="0.002" classname="lk.ac.mrt.cse.mscresearch.codeclones.PrimitiveOpDecodeRegExTest"/>
  <testcase name="test_other_code_is_not_matched" time="0.002" classname="lk.ac.mrt.cse.mscresearch.codeclones.PrimitiveOpDecodeRegExTest"/>
  <testcase name="test_other_code_is_not_matched" time="0.001" classname="lk.ac.mrt.cse.mscresearch.codeclones.PrimitiveOpDecodeRegExTest"/>
  <testcase name="test_other_code_is_not_matched" time="0.002" classname="lk.ac.mrt.cse.mscresearch.codeclones.PrimitiveOpDecodeRegExTest"/>
  <testcase name="test_other_code_is_not_matched" time="0.002" classname="lk.ac.mrt.cse.mscresearch.codeclones.PrimitiveOpDecodeRegExTest"/>
  <testcase name="test_other_code_is_not_matched" time="0.0" classname="lk.ac.mrt.cse.mscresearch.codeclones.PrimitiveOpDecodeRegExTest"/>
  <testcase name="test_other_code_is_not_matched" time="0.001" classname="lk.ac.mrt.cse.mscresearch.codeclones.PrimitiveOpDecodeRegExTest"/>
  <testcase name="test_other_code_is_not_matched" time="0.001" classname="lk.ac.mrt.cse.mscresearch.codeclones.PrimitiveOpDecodeRegExTest"/>
  <testcase name="test_other_code_is_not_matched" time="0.001" classname="lk.ac.mrt.cse.mscresearch.codeclones.PrimitiveOpDecodeRegExTest"/>
  <testcase name="test_other_code_is_not_matched" time="0.0" classname="lk.ac.mrt.cse.mscresearch.codeclones.PrimitiveOpDecodeRegExTest"/>
  <testcase name="test_other_code_is_not_matched" time="0.001" classname="lk.ac.mrt.cse.mscresearch.codeclones.PrimitiveOpDecodeRegExTest"/>
  <testcase name="test_other_code_is_not_matched" time="0.0" classname="lk.ac.mrt.cse.mscresearch.codeclones.PrimitiveOpDecodeRegExTest"/>
  <testcase name="test_other_code_is_not_matched" time="0.001" classname="lk.ac.mrt.cse.mscresearch.codeclones.PrimitiveOpDecodeRegExTest"/>
  <testcase name="test_other_code_is_not_matched" time="0.003" classname="lk.ac.mrt.cse.mscresearch.codeclones.PrimitiveOpDecodeRegExTest"/>
  <testcase name="test_other_code_is_not_matched" time="0.002" classname="lk.ac.mrt.cse.mscresearch.codeclones.PrimitiveOpDecodeRegExTest"/>
  <testcase name="test_other_code_is_not_matched" time="0.0" classname="lk.ac.mrt.cse.mscresearch.codeclones.PrimitiveOpDecodeRegExTest"/>
  <testcase name="test_other_code_is_not_matched" time="0.001" classname="lk.ac.mrt.cse.mscresearch.codeclones.PrimitiveOpDecodeRegExTest"/>
  <testcase name="test_other_code_is_not_matched" time="0.001" classname="lk.ac.mrt.cse.mscresearch.codeclones.PrimitiveOpDecodeRegExTest"/>
  <testcase name="test_other_code_is_not_matched" time="0.001" classname="lk.ac.mrt.cse.mscresearch.codeclones.PrimitiveOpDecodeRegExTest"/>
  <testcase name="test_other_code_is_not_matched" time="0.001" classname="lk.ac.mrt.cse.mscresearch.codeclones.PrimitiveOpDecodeRegExTest"/>
  <testcase name="test_other_code_is_not_matched" time="0.001" classname="lk.ac.mrt.cse.mscresearch.codeclones.PrimitiveOpDecodeRegExTest"/>
  <testcase name="test_other_code_is_not_matched" time="0.001" classname="lk.ac.mrt.cse.mscresearch.codeclones.PrimitiveOpDecodeRegExTest"/>
  <testcase name="test_other_code_is_not_matched" time="0.001" classname="lk.ac.mrt.cse.mscresearch.codeclones.PrimitiveOpDecodeRegExTest"/>
  <testcase name="test_other_code_is_not_matched" time="0.003" classname="lk.ac.mrt.cse.mscresearch.codeclones.PrimitiveOpDecodeRegExTest"/>
  <testcase name="test_other_code_is_not_matched" time="0.001" classname="lk.ac.mrt.cse.mscresearch.codeclones.PrimitiveOpDecodeRegExTest"/>
  <testcase name="test_other_code_is_not_matched" time="0.001" classname="lk.ac.mrt.cse.mscresearch.codeclones.PrimitiveOpDecodeRegExTest"/>
  <testcase name="test_other_code_is_not_matched" time="0.001" classname="lk.ac.mrt.cse.mscresearch.codeclones.PrimitiveOpDecodeRegExTest"/>
  <testcase name="test_other_code_is_not_matched" time="0.001" classname="lk.ac.mrt.cse.mscresearch.codeclones.PrimitiveOpDecodeRegExTest"/>
  <testcase name="test_other_code_is_not_matched" time="0.004" classname="lk.ac.mrt.cse.mscresearch.codeclones.PrimitiveOpDecodeRegExTest"/>
  <testcase name="test_other_code_is_not_matched" time="0.0" classname="lk.ac.mrt.cse.mscresearch.codeclones.PrimitiveOpDecodeRegExTest"/>
  <testcase name="test_other_code_is_not_matched" time="0.004" classname="lk.ac.mrt.cse.mscresearch.codeclones.PrimitiveOpDecodeRegExTest"/>
  <testcase name="test_other_code_is_not_matched" time="0.0" classname="lk.ac.mrt.cse.mscresearch.codeclones.PrimitiveOpDecodeRegExTest"/>
  <testcase name="test_other_code_is_not_matched" time="0.002" classname="lk.ac.mrt.cse.mscresearch.codeclones.PrimitiveOpDecodeRegExTest"/>
  <testcase name="test_other_code_is_not_matched" time="0.0" classname="lk.ac.mrt.cse.mscresearch.codeclones.PrimitiveOpDecodeRegExTest"/>
  <testcase name="test_other_code_is_not_matched" time="0.001" classname="lk.ac.mrt.cse.mscresearch.codeclones.PrimitiveOpDecodeRegExTest"/>
  <testcase name="test_other_code_is_not_matched" time="0.001" classname="lk.ac.mrt.cse.mscresearch.codeclones.PrimitiveOpDecodeRegExTest"/>
  <testcase name="test_other_code_is_not_matched" time="0.001" classname="lk.ac.mrt.cse.mscresearch.codeclones.PrimitiveOpDecodeRegExTest"/>
  <testcase name="test_other_code_is_not_matched" time="0.002" classname="lk.ac.mrt.cse.mscresearch.codeclones.PrimitiveOpDecodeRegExTest"/>
  <testcase name="test_other_code_is_not_matched" time="0.001" classname="lk.ac.mrt.cse.mscresearch.codeclones.PrimitiveOpDecodeRegExTest"/>
  <testcase name="test_other_code_is_not_matched" time="0.001" classname="lk.ac.mrt.cse.mscresearch.codeclones.PrimitiveOpDecodeRegExTest"/>
  <testcase name="test_other_code_is_not_matched" time="0.002" classname="lk.ac.mrt.cse.mscresearch.codeclones.PrimitiveOpDecodeRegExTest"/>
  <testcase name="test_other_code_is_not_matched" time="0.001" classname="lk.ac.mrt.cse.mscresearch.codeclones.PrimitiveOpDecodeRegExTest"/>
  <testcase name="test_other_code_is_not_matched" time="0.0" classname="lk.ac.mrt.cse.mscresearch.codeclones.PrimitiveOpDecodeRegExTest"/>
  <testcase name="test_other_code_is_not_matched" time="0.002" classname="lk.ac.mrt.cse.mscresearch.codeclones.PrimitiveOpDecodeRegExTest"/>
  <testcase name="test_other_code_is_not_matched" time="0.001" classname="lk.ac.mrt.cse.mscresearch.codeclones.PrimitiveOpDecodeRegExTest"/>
  <testcase name="test_other_code_is_not_matched" time="0.001" classname="lk.ac.mrt.cse.mscresearch.codeclones.PrimitiveOpDecodeRegExTest"/>
  <testcase name="test_other_code_is_not_matched" time="0.001" classname="lk.ac.mrt.cse.mscresearch.codeclones.PrimitiveOpDecodeRegExTest"/>
  <testcase name="test_other_code_is_not_matched" time="0.001" classname="lk.ac.mrt.cse.mscresearch.codeclones.PrimitiveOpDecodeRegExTest"/>
  <testcase name="test_other_code_is_not_matched" time="0.001" classname="lk.ac.mrt.cse.mscresearch.codeclones.PrimitiveOpDecodeRegExTest"/>
  <testcase name="test_other_code_is_not_matched" time="0.001" classname="lk.ac.mrt.cse.mscresearch.codeclones.PrimitiveOpDecodeRegExTest"/>
  <testcase name="test_other_code_is_not_matched" time="0.001" classname="lk.ac.mrt.cse.mscresearch.codeclones.PrimitiveOpDecodeRegExTest"/>
  <testcase name="test_other_code_is_not_matched" time="0.001" classname="lk.ac.mrt.cse.mscresearch.codeclones.PrimitiveOpDecodeRegExTest"/>
  <testcase name="test_other_code_is_not_matched" time="0.0" classname="lk.ac.mrt.cse.mscresearch.codeclones.PrimitiveOpDecodeRegExTest"/>
  <testcase name="test_other_code_is_not_matched" time="0.001" classname="lk.ac.mrt.cse.mscresearch.codeclones.PrimitiveOpDecodeRegExTest"/>
  <testcase name="test_other_code_is_not_matched" time="0.001" classname="lk.ac.mrt.cse.mscresearch.codeclones.PrimitiveOpDecodeRegExTest"/>
  <testcase name="test_other_code_is_not_matched" time="0.001" classname="lk.ac.mrt.cse.mscresearch.codeclones.PrimitiveOpDecodeRegExTest"/>
  <testcase name="test_other_code_is_not_matched" time="0.001" classname="lk.ac.mrt.cse.mscresearch.codeclones.PrimitiveOpDecodeRegExTest"/>
  <testcase name="test_other_code_is_not_matched" time="0.0" classname="lk.ac.mrt.cse.mscresearch.codeclones.PrimitiveOpDecodeRegExTest"/>
  <testcase name="test_other_code_is_not_matched" time="0.0" classname="lk.ac.mrt.cse.mscresearch.codeclones.PrimitiveOpDecodeRegExTest"/>
  <testcase name="test_other_code_is_not_matched" time="0.001" classname="lk.ac.mrt.cse.mscresearch.codeclones.PrimitiveOpDecodeRegExTest"/>
  <testcase name="test_other_code_is_not_matched" time="0.001" classname="lk.ac.mrt.cse.mscresearch.codeclones.PrimitiveOpDecodeRegExTest"/>
  <testcase name="test_other_code_is_not_matched" time="0.001" classname="lk.ac.mrt.cse.mscresearch.codeclones.PrimitiveOpDecodeRegExTest"/>
  <testcase name="test_other_code_is_not_matched" time="0.002" classname="lk.ac.mrt.cse.mscresearch.codeclones.PrimitiveOpDecodeRegExTest"/>
  <testcase name="test_other_code_is_not_matched" time="0.001" classname="lk.ac.mrt.cse.mscresearch.codeclones.PrimitiveOpDecodeRegExTest"/>
  <testcase name="test_other_code_is_not_matched" time="0.003" classname="lk.ac.mrt.cse.mscresearch.codeclones.PrimitiveOpDecodeRegExTest"/>
  <testcase name="test_other_code_is_not_matched" time="0.001" classname="lk.ac.mrt.cse.mscresearch.codeclones.PrimitiveOpDecodeRegExTest"/>
  <testcase name="test_other_code_is_not_matched" time="0.002" classname="lk.ac.mrt.cse.mscresearch.codeclones.PrimitiveOpDecodeRegExTest"/>
  <testcase name="test_other_code_is_not_matched" time="0.003" classname="lk.ac.mrt.cse.mscresearch.codeclones.PrimitiveOpDecodeRegExTest"/>
  <testcase name="test_other_code_is_not_matched" time="0.001" classname="lk.ac.mrt.cse.mscresearch.codeclones.PrimitiveOpDecodeRegExTest"/>
  <testcase name="test_other_code_is_not_matched" time="0.001" classname="lk.ac.mrt.cse.mscresearch.codeclones.PrimitiveOpDecodeRegExTest"/>
  <testcase name="test_other_code_is_not_matched" time="0.001" classname="lk.ac.mrt.cse.mscresearch.codeclones.PrimitiveOpDecodeRegExTest"/>
  <testcase name="test_other_code_is_not_matched" time="0.001" classname="lk.ac.mrt.cse.mscresearch.codeclones.PrimitiveOpDecodeRegExTest"/>
  <testcase name="test_other_code_is_not_matched" time="0.004" classname="lk.ac.mrt.cse.mscresearch.codeclones.PrimitiveOpDecodeRegExTest"/>
  <testcase name="test_other_code_is_not_matched" time="0.001" classname="lk.ac.mrt.cse.mscresearch.codeclones.PrimitiveOpDecodeRegExTest"/>
  <testcase name="test_other_code_is_not_matched" time="0.001" classname="lk.ac.mrt.cse.mscresearch.codeclones.PrimitiveOpDecodeRegExTest"/>
  <testcase name="test_other_code_is_not_matched" time="0.001" classname="lk.ac.mrt.cse.mscresearch.codeclones.PrimitiveOpDecodeRegExTest"/>
  <testcase name="testinvoke" time="0.012" classname="lk.ac.mrt.cse.mscresearch.codeclones.PrimitiveOpDecodeRegExTest"/>
  <testcase name="testinvoke" time="0.002" classname="lk.ac.mrt.cse.mscresearch.codeclones.PrimitiveOpDecodeRegExTest"/>
  <testcase name="testinvoke" time="0.001" classname="lk.ac.mrt.cse.mscresearch.codeclones.PrimitiveOpDecodeRegExTest"/>
  <testcase name="testinvoke" time="0.001" classname="lk.ac.mrt.cse.mscresearch.codeclones.PrimitiveOpDecodeRegExTest"/>
  <testcase name="testinvoke" time="0.001" classname="lk.ac.mrt.cse.mscresearch.codeclones.PrimitiveOpDecodeRegExTest"/>
  <testcase name="testinvoke" time="0.001" classname="lk.ac.mrt.cse.mscresearch.codeclones.PrimitiveOpDecodeRegExTest"/>
  <testcase name="testinvoke" time="0.001" classname="lk.ac.mrt.cse.mscresearch.codeclones.PrimitiveOpDecodeRegExTest"/>
  <testcase name="testinvoke" time="0.002" classname="lk.ac.mrt.cse.mscresearch.codeclones.PrimitiveOpDecodeRegExTest"/>
  <testcase name="testinvoke" time="0.001" classname="lk.ac.mrt.cse.mscresearch.codeclones.PrimitiveOpDecodeRegExTest"/>
  <testcase name="testinvoke" time="0.001" classname="lk.ac.mrt.cse.mscresearch.codeclones.PrimitiveOpDecodeRegExTest"/>
  <testcase name="testinvoke" time="0.001" classname="lk.ac.mrt.cse.mscresearch.codeclones.PrimitiveOpDecodeRegExTest"/>
  <testcase name="testinvoke" time="0.002" classname="lk.ac.mrt.cse.mscresearch.codeclones.PrimitiveOpDecodeRegExTest"/>
  <testcase name="testinvoke" time="0.002" classname="lk.ac.mrt.cse.mscresearch.codeclones.PrimitiveOpDecodeRegExTest"/>
  <testcase name="testinvoke" time="0.002" classname="lk.ac.mrt.cse.mscresearch.codeclones.PrimitiveOpDecodeRegExTest"/>
  <testcase name="testinvoke" time="0.001" classname="lk.ac.mrt.cse.mscresearch.codeclones.PrimitiveOpDecodeRegExTest"/>
  <testcase name="testinvoke" time="0.001" classname="lk.ac.mrt.cse.mscresearch.codeclones.PrimitiveOpDecodeRegExTest"/>
  <testcase name="testinvoke" time="0.001" classname="lk.ac.mrt.cse.mscresearch.codeclones.PrimitiveOpDecodeRegExTest"/>
  <testcase name="testinvoke" time="0.002" classname="lk.ac.mrt.cse.mscresearch.codeclones.PrimitiveOpDecodeRegExTest"/>
  <testcase name="testinvoke" time="0.001" classname="lk.ac.mrt.cse.mscresearch.codeclones.PrimitiveOpDecodeRegExTest"/>
  <testcase name="testinvoke" time="0.0" classname="lk.ac.mrt.cse.mscresearch.codeclones.PrimitiveOpDecodeRegExTest"/>
  <testcase name="testinvoke" time="0.001" classname="lk.ac.mrt.cse.mscresearch.codeclones.PrimitiveOpDecodeRegExTest"/>
  <testcase name="testinvoke" time="0.001" classname="lk.ac.mrt.cse.mscresearch.codeclones.PrimitiveOpDecodeRegExTest"/>
  <testcase name="testinvoke" time="0.001" classname="lk.ac.mrt.cse.mscresearch.codeclones.PrimitiveOpDecodeRegExTest"/>
  <testcase name="testinvoke" time="0.002" classname="lk.ac.mrt.cse.mscresearch.codeclones.PrimitiveOpDecodeRegExTest"/>
  <testcase name="testinvoke" time="0.002" classname="lk.ac.mrt.cse.mscresearch.codeclones.PrimitiveOpDecodeRegExTest"/>
  <testcase name="testinvoke" time="0.002" classname="lk.ac.mrt.cse.mscresearch.codeclones.PrimitiveOpDecodeRegExTest"/>
  <testcase name="testinvoke" time="0.001" classname="lk.ac.mrt.cse.mscresearch.codeclones.PrimitiveOpDecodeRegExTest"/>
  <testcase name="testinvoke" time="0.005" classname="lk.ac.mrt.cse.mscresearch.codeclones.PrimitiveOpDecodeRegExTest"/>
  <testcase name="testinvoke" time="0.001" classname="lk.ac.mrt.cse.mscresearch.codeclones.PrimitiveOpDecodeRegExTest"/>
  <testcase name="testinvoke" time="0.001" classname="lk.ac.mrt.cse.mscresearch.codeclones.PrimitiveOpDecodeRegExTest"/>
  <testcase name="testinvoke" time="0.001" classname="lk.ac.mrt.cse.mscresearch.codeclones.PrimitiveOpDecodeRegExTest"/>
  <testcase name="testinvoke" time="0.001" classname="lk.ac.mrt.cse.mscresearch.codeclones.PrimitiveOpDecodeRegExTest"/>
  <testcase name="testinvoke" time="0.001" classname="lk.ac.mrt.cse.mscresearch.codeclones.PrimitiveOpDecodeRegExTest"/>
  <testcase name="testinvoke" time="0.001" classname="lk.ac.mrt.cse.mscresearch.codeclones.PrimitiveOpDecodeRegExTest"/>
  <testcase name="testinvoke" time="0.001" classname="lk.ac.mrt.cse.mscresearch.codeclones.PrimitiveOpDecodeRegExTest"/>
  <testcase name="testinvoke" time="0.0" classname="lk.ac.mrt.cse.mscresearch.codeclones.PrimitiveOpDecodeRegExTest"/>
  <testcase name="testinvoke" time="0.0" classname="lk.ac.mrt.cse.mscresearch.codeclones.PrimitiveOpDecodeRegExTest"/>
  <testcase name="testinvoke" time="0.001" classname="lk.ac.mrt.cse.mscresearch.codeclones.PrimitiveOpDecodeRegExTest"/>
  <testcase name="testinvoke" time="0.0" classname="lk.ac.mrt.cse.mscresearch.codeclones.PrimitiveOpDecodeRegExTest"/>
  <testcase name="testinvoke" time="0.001" classname="lk.ac.mrt.cse.mscresearch.codeclones.PrimitiveOpDecodeRegExTest"/>
  <testcase name="testinvoke" time="0.0" classname="lk.ac.mrt.cse.mscresearch.codeclones.PrimitiveOpDecodeRegExTest"/>
  <testcase name="testinvoke" time="0.001" classname="lk.ac.mrt.cse.mscresearch.codeclones.PrimitiveOpDecodeRegExTest"/>
  <testcase name="testinvoke" time="0.001" classname="lk.ac.mrt.cse.mscresearch.codeclones.PrimitiveOpDecodeRegExTest"/>
  <testcase name="testinvoke" time="0.005" classname="lk.ac.mrt.cse.mscresearch.codeclones.PrimitiveOpDecodeRegExTest"/>
  <testcase name="testinvoke" time="0.001" classname="lk.ac.mrt.cse.mscresearch.codeclones.PrimitiveOpDecodeRegExTest"/>
  <testcase name="testinvoke" time="0.001" classname="lk.ac.mrt.cse.mscresearch.codeclones.PrimitiveOpDecodeRegExTest"/>
  <testcase name="testinvoke" time="0.0" classname="lk.ac.mrt.cse.mscresearch.codeclones.PrimitiveOpDecodeRegExTest"/>
  <testcase name="testinvoke" time="0.001" classname="lk.ac.mrt.cse.mscresearch.codeclones.PrimitiveOpDecodeRegExTest"/>
  <testcase name="testinvoke" time="0.002" classname="lk.ac.mrt.cse.mscresearch.codeclones.PrimitiveOpDecodeRegExTest"/>
  <testcase name="testinvoke" time="0.001" classname="lk.ac.mrt.cse.mscresearch.codeclones.PrimitiveOpDecodeRegExTest"/>
  <testcase name="testinvoke" time="0.001" classname="lk.ac.mrt.cse.mscresearch.codeclones.PrimitiveOpDecodeRegExTest"/>
  <testcase name="testinvoke" time="0.001" classname="lk.ac.mrt.cse.mscresearch.codeclones.PrimitiveOpDecodeRegExTest"/>
  <testcase name="testinvoke" time="0.001" classname="lk.ac.mrt.cse.mscresearch.codeclones.PrimitiveOpDecodeRegExTest"/>
  <testcase name="testinvoke" time="0.002" classname="lk.ac.mrt.cse.mscresearch.codeclones.PrimitiveOpDecodeRegExTest"/>
  <testcase name="testinvoke" time="0.0" classname="lk.ac.mrt.cse.mscresearch.codeclones.PrimitiveOpDecodeRegExTest"/>
  <testcase name="testinvoke" time="0.0" classname="lk.ac.mrt.cse.mscresearch.codeclones.PrimitiveOpDecodeRegExTest"/>
  <testcase name="testinvoke" time="0.001" classname="lk.ac.mrt.cse.mscresearch.codeclones.PrimitiveOpDecodeRegExTest"/>
  <testcase name="testinvoke" time="0.0" classname="lk.ac.mrt.cse.mscresearch.codeclones.PrimitiveOpDecodeRegExTest"/>
  <testcase name="testinvoke" time="0.0" classname="lk.ac.mrt.cse.mscresearch.codeclones.PrimitiveOpDecodeRegExTest"/>
  <testcase name="testinvoke" time="0.0" classname="lk.ac.mrt.cse.mscresearch.codeclones.PrimitiveOpDecodeRegExTest"/>
  <testcase name="testinvoke" time="0.001" classname="lk.ac.mrt.cse.mscresearch.codeclones.PrimitiveOpDecodeRegExTest"/>
  <testcase name="testinvoke" time="0.001" classname="lk.ac.mrt.cse.mscresearch.codeclones.PrimitiveOpDecodeRegExTest"/>
  <testcase name="testinvoke" time="0.001" classname="lk.ac.mrt.cse.mscresearch.codeclones.PrimitiveOpDecodeRegExTest"/>
  <testcase name="testinvoke" time="0.001" classname="lk.ac.mrt.cse.mscresearch.codeclones.PrimitiveOpDecodeRegExTest"/>
  <testcase name="testinvoke" time="0.001" classname="lk.ac.mrt.cse.mscresearch.codeclones.PrimitiveOpDecodeRegExTest"/>
  <testcase name="testinvoke" time="0.002" classname="lk.ac.mrt.cse.mscresearch.codeclones.PrimitiveOpDecodeRegExTest"/>
  <testcase name="testinvoke" time="0.001" classname="lk.ac.mrt.cse.mscresearch.codeclones.PrimitiveOpDecodeRegExTest"/>
  <testcase name="testinvoke" time="0.001" classname="lk.ac.mrt.cse.mscresearch.codeclones.PrimitiveOpDecodeRegExTest"/>
  <testcase name="testinvoke" time="0.0" classname="lk.ac.mrt.cse.mscresearch.codeclones.PrimitiveOpDecodeRegExTest"/>
  <testcase name="testinvoke" time="0.0" classname="lk.ac.mrt.cse.mscresearch.codeclones.PrimitiveOpDecodeRegExTest"/>
  <testcase name="testinvoke" time="0.001" classname="lk.ac.mrt.cse.mscresearch.codeclones.PrimitiveOpDecodeRegExTest"/>
  <testcase name="testinvoke" time="0.0" classname="lk.ac.mrt.cse.mscresearch.codeclones.PrimitiveOpDecodeRegExTest"/>
  <testcase name="testinvoke" time="0.0" classname="lk.ac.mrt.cse.mscresearch.codeclones.PrimitiveOpDecodeRegExTest"/>
  <testcase name="testinvoke" time="0.002" classname="lk.ac.mrt.cse.mscresearch.codeclones.PrimitiveOpDecodeRegExTest"/>
  <testcase name="testinvoke" time="0.001" classname="lk.ac.mrt.cse.mscresearch.codeclones.PrimitiveOpDecodeRegExTest"/>
  <testcase name="testinvoke" time="0.001" classname="lk.ac.mrt.cse.mscresearch.codeclones.PrimitiveOpDecodeRegExTest"/>
  <testcase name="testinvoke" time="0.001" classname="lk.ac.mrt.cse.mscresearch.codeclones.PrimitiveOpDecodeRegExTest"/>
  <testcase name="testinvoke" time="0.001" classname="lk.ac.mrt.cse.mscresearch.codeclones.PrimitiveOpDecodeRegExTest"/>
  <testcase name="testinvoke" time="0.001" classname="lk.ac.mrt.cse.mscresearch.codeclones.PrimitiveOpDecodeRegExTest"/>
  <testcase name="test_other_code_is_not_matched" time="0.001" classname="lk.ac.mrt.cse.mscresearch.codeclones.FieldOpDecodeRegExTest"/>
  <testcase name="test_other_code_is_not_matched" time="0.0" classname="lk.ac.mrt.cse.mscresearch.codeclones.FieldOpDecodeRegExTest"/>
  <testcase name="test_other_code_is_not_matched" time="0.001" classname="lk.ac.mrt.cse.mscresearch.codeclones.FieldOpDecodeRegExTest"/>
  <testcase name="test_other_code_is_not_matched" time="0.002" classname="lk.ac.mrt.cse.mscresearch.codeclones.FieldOpDecodeRegExTest"/>
  <testcase name="test_other_code_is_not_matched" time="0.0" classname="lk.ac.mrt.cse.mscresearch.codeclones.FieldOpDecodeRegExTest"/>
  <testcase name="test_other_code_is_not_matched" time="0.0" classname="lk.ac.mrt.cse.mscresearch.codeclones.FieldOpDecodeRegExTest"/>
  <testcase name="test_other_code_is_not_matched" time="0.0" classname="lk.ac.mrt.cse.mscresearch.codeclones.FieldOpDecodeRegExTest"/>
  <testcase name="test_other_code_is_not_matched" time="0.0" classname="lk.ac.mrt.cse.mscresearch.codeclones.FieldOpDecodeRegExTest"/>
  <testcase name="test_other_code_is_not_matched" time="0.001" classname="lk.ac.mrt.cse.mscresearch.codeclones.FieldOpDecodeRegExTest"/>
  <testcase name="test_other_code_is_not_matched" time="0.001" classname="lk.ac.mrt.cse.mscresearch.codeclones.FieldOpDecodeRegExTest"/>
  <testcase name="test_other_code_is_not_matched" time="0.0" classname="lk.ac.mrt.cse.mscresearch.codeclones.FieldOpDecodeRegExTest"/>
  <testcase name="test_other_code_is_not_matched" time="0.0" classname="lk.ac.mrt.cse.mscresearch.codeclones.FieldOpDecodeRegExTest"/>
  <testcase name="test_other_code_is_not_matched" time="0.0" classname="lk.ac.mrt.cse.mscresearch.codeclones.FieldOpDecodeRegExTest"/>
  <testcase name="test_other_code_is_not_matched" time="0.0" classname="lk.ac.mrt.cse.mscresearch.codeclones.FieldOpDecodeRegExTest"/>
  <testcase name="test_other_code_is_not_matched" time="0.001" classname="lk.ac.mrt.cse.mscresearch.codeclones.FieldOpDecodeRegExTest"/>
  <testcase name="test_other_code_is_not_matched" time="0.002" classname="lk.ac.mrt.cse.mscresearch.codeclones.FieldOpDecodeRegExTest"/>
  <testcase name="test_other_code_is_not_matched" time="0.001" classname="lk.ac.mrt.cse.mscresearch.codeclones.FieldOpDecodeRegExTest"/>
  <testcase name="test_other_code_is_not_matched" time="0.001" classname="lk.ac.mrt.cse.mscresearch.codeclones.FieldOpDecodeRegExTest"/>
  <testcase name="test_other_code_is_not_matched" time="0.001" classname="lk.ac.mrt.cse.mscresearch.codeclones.FieldOpDecodeRegExTest"/>
  <testcase name="test_other_code_is_not_matched" time="0.0" classname="lk.ac.mrt.cse.mscresearch.codeclones.FieldOpDecodeRegExTest"/>
  <testcase name="test_other_code_is_not_matched" time="0.0" classname="lk.ac.mrt.cse.mscresearch.codeclones.FieldOpDecodeRegExTest"/>
  <testcase name="test_other_code_is_not_matched" time="0.0" classname="lk.ac.mrt.cse.mscresearch.codeclones.FieldOpDecodeRegExTest"/>
  <testcase name="test_other_code_is_not_matched" time="0.0" classname="lk.ac.mrt.cse.mscresearch.codeclones.FieldOpDecodeRegExTest"/>
  <testcase name="test_other_code_is_not_matched" time="0.0" classname="lk.ac.mrt.cse.mscresearch.codeclones.FieldOpDecodeRegExTest"/>
  <testcase name="test_other_code_is_not_matched" time="0.0" classname="lk.ac.mrt.cse.mscresearch.codeclones.FieldOpDecodeRegExTest"/>
  <testcase name="test_other_code_is_not_matched" time="0.0" classname="lk.ac.mrt.cse.mscresearch.codeclones.FieldOpDecodeRegExTest"/>
  <testcase name="test_other_code_is_not_matched" time="0.0" classname="lk.ac.mrt.cse.mscresearch.codeclones.FieldOpDecodeRegExTest"/>
  <testcase name="test_other_code_is_not_matched" time="0.0" classname="lk.ac.mrt.cse.mscresearch.codeclones.FieldOpDecodeRegExTest"/>
  <testcase name="test_other_code_is_not_matched" time="0.0" classname="lk.ac.mrt.cse.mscresearch.codeclones.FieldOpDecodeRegExTest"/>
  <testcase name="test_other_code_is_not_matched" time="0.0" classname="lk.ac.mrt.cse.mscresearch.codeclones.FieldOpDecodeRegExTest"/>
  <testcase name="test_other_code_is_not_matched" time="0.0" classname="lk.ac.mrt.cse.mscresearch.codeclones.FieldOpDecodeRegExTest"/>
  <testcase name="test_other_code_is_not_matched" time="0.0" classname="lk.ac.mrt.cse.mscresearch.codeclones.FieldOpDecodeRegExTest"/>
  <testcase name="test_other_code_is_not_matched" time="0.0" classname="lk.ac.mrt.cse.mscresearch.codeclones.FieldOpDecodeRegExTest"/>
  <testcase name="test_other_code_is_not_matched" time="0.0" classname="lk.ac.mrt.cse.mscresearch.codeclones.FieldOpDecodeRegExTest"/>
  <testcase name="test_other_code_is_not_matched" time="0.0" classname="lk.ac.mrt.cse.mscresearch.codeclones.FieldOpDecodeRegExTest"/>
  <testcase name="test_other_code_is_not_matched" time="0.0" classname="lk.ac.mrt.cse.mscresearch.codeclones.FieldOpDecodeRegExTest"/>
  <testcase name="test_other_code_is_not_matched" time="0.0" classname="lk.ac.mrt.cse.mscresearch.codeclones.FieldOpDecodeRegExTest"/>
  <testcase name="test_other_code_is_not_matched" time="0.0" classname="lk.ac.mrt.cse.mscresearch.codeclones.FieldOpDecodeRegExTest"/>
  <testcase name="test_other_code_is_not_matched" time="0.002" classname="lk.ac.mrt.cse.mscresearch.codeclones.FieldOpDecodeRegExTest"/>
  <testcase name="test_other_code_is_not_matched" time="0.001" classname="lk.ac.mrt.cse.mscresearch.codeclones.FieldOpDecodeRegExTest"/>
  <testcase name="test_other_code_is_not_matched" time="0.001" classname="lk.ac.mrt.cse.mscresearch.codeclones.FieldOpDecodeRegExTest"/>
  <testcase name="test_other_code_is_not_matched" time="0.0" classname="lk.ac.mrt.cse.mscresearch.codeclones.FieldOpDecodeRegExTest"/>
  <testcase name="test_other_code_is_not_matched" time="0.001" classname="lk.ac.mrt.cse.mscresearch.codeclones.FieldOpDecodeRegExTest"/>
  <testcase name="test_other_code_is_not_matched" time="0.001" classname="lk.ac.mrt.cse.mscresearch.codeclones.FieldOpDecodeRegExTest"/>
  <testcase name="test_other_code_is_not_matched" time="0.001" classname="lk.ac.mrt.cse.mscresearch.codeclones.FieldOpDecodeRegExTest"/>
  <testcase name="test_other_code_is_not_matched" time="0.001" classname="lk.ac.mrt.cse.mscresearch.codeclones.FieldOpDecodeRegExTest"/>
  <testcase name="test_other_code_is_not_matched" time="0.001" classname="lk.ac.mrt.cse.mscresearch.codeclones.FieldOpDecodeRegExTest"/>
  <testcase name="test_other_code_is_not_matched" time="0.001" classname="lk.ac.mrt.cse.mscresearch.codeclones.FieldOpDecodeRegExTest"/>
  <testcase name="test_other_code_is_not_matched" time="0.002" classname="lk.ac.mrt.cse.mscresearch.codeclones.FieldOpDecodeRegExTest"/>
  <testcase name="test_other_code_is_not_matched" time="0.001" classname="lk.ac.mrt.cse.mscresearch.codeclones.FieldOpDecodeRegExTest"/>
  <testcase name="test_other_code_is_not_matched" time="0.0" classname="lk.ac.mrt.cse.mscresearch.codeclones.FieldOpDecodeRegExTest"/>
  <testcase name="test_other_code_is_not_matched" time="0.002" classname="lk.ac.mrt.cse.mscresearch.codeclones.FieldOpDecodeRegExTest"/>
  <testcase name="test_other_code_is_not_matched" time="0.002" classname="lk.ac.mrt.cse.mscresearch.codeclones.FieldOpDecodeRegExTest"/>
  <testcase name="test_other_code_is_not_matched" time="0.001" classname="lk.ac.mrt.cse.mscresearch.codeclones.FieldOpDecodeRegExTest"/>
  <testcase name="test_other_code_is_not_matched" time="0.001" classname="lk.ac.mrt.cse.mscresearch.codeclones.FieldOpDecodeRegExTest"/>
  <testcase name="test_other_code_is_not_matched" time="0.0" classname="lk.ac.mrt.cse.mscresearch.codeclones.FieldOpDecodeRegExTest"/>
  <testcase name="test_other_code_is_not_matched" time="0.0" classname="lk.ac.mrt.cse.mscresearch.codeclones.FieldOpDecodeRegExTest"/>
  <testcase name="test_other_code_is_not_matched" time="0.0" classname="lk.ac.mrt.cse.mscresearch.codeclones.FieldOpDecodeRegExTest"/>
  <testcase name="test_other_code_is_not_matched" time="0.001" classname="lk.ac.mrt.cse.mscresearch.codeclones.FieldOpDecodeRegExTest"/>
  <testcase name="test_other_code_is_not_matched" time="0.001" classname="lk.ac.mrt.cse.mscresearch.codeclones.FieldOpDecodeRegExTest"/>
  <testcase name="test_other_code_is_not_matched" time="0.002" classname="lk.ac.mrt.cse.mscresearch.codeclones.FieldOpDecodeRegExTest"/>
  <testcase name="test_other_code_is_not_matched" time="0.0" classname="lk.ac.mrt.cse.mscresearch.codeclones.FieldOpDecodeRegExTest"/>
  <testcase name="test_other_code_is_not_matched" time="0.0" classname="lk.ac.mrt.cse.mscresearch.codeclones.FieldOpDecodeRegExTest"/>
  <testcase name="test_other_code_is_not_matched" time="0.001" classname="lk.ac.mrt.cse.mscresearch.codeclones.FieldOpDecodeRegExTest"/>
  <testcase name="test_other_code_is_not_matched" time="0.0" classname="lk.ac.mrt.cse.mscresearch.codeclones.FieldOpDecodeRegExTest"/>
  <testcase name="test_other_code_is_not_matched" time="0.001" classname="lk.ac.mrt.cse.mscresearch.codeclones.FieldOpDecodeRegExTest"/>
  <testcase name="test_other_code_is_not_matched" time="0.001" classname="lk.ac.mrt.cse.mscresearch.codeclones.FieldOpDecodeRegExTest"/>
  <testcase name="test_other_code_is_not_matched" time="0.002" classname="lk.ac.mrt.cse.mscresearch.codeclones.FieldOpDecodeRegExTest"/>
  <testcase name="test_other_code_is_not_matched" time="0.0" classname="lk.ac.mrt.cse.mscresearch.codeclones.FieldOpDecodeRegExTest"/>
  <testcase name="test_other_code_is_not_matched" time="0.001" classname="lk.ac.mrt.cse.mscresearch.codeclones.FieldOpDecodeRegExTest"/>
  <testcase name="test_other_code_is_not_matched" time="0.0" classname="lk.ac.mrt.cse.mscresearch.codeclones.FieldOpDecodeRegExTest"/>
  <testcase name="test_other_code_is_not_matched" time="0.0" classname="lk.ac.mrt.cse.mscresearch.codeclones.FieldOpDecodeRegExTest"/>
  <testcase name="test_other_code_is_not_matched" time="0.001" classname="lk.ac.mrt.cse.mscresearch.codeclones.FieldOpDecodeRegExTest"/>
  <testcase name="test_other_code_is_not_matched" time="0.0" classname="lk.ac.mrt.cse.mscresearch.codeclones.FieldOpDecodeRegExTest"/>
  <testcase name="test_other_code_is_not_matched" time="0.001" classname="lk.ac.mrt.cse.mscresearch.codeclones.FieldOpDecodeRegExTest"/>
  <testcase name="test_other_code_is_not_matched" time="0.001" classname="lk.ac.mrt.cse.mscresearch.codeclones.FieldOpDecodeRegExTest"/>
  <testcase name="test_other_code_is_not_matched" time="0.001" classname="lk.ac.mrt.cse.mscresearch.codeclones.FieldOpDecodeRegExTest"/>
  <testcase name="test_other_code_is_not_matched" time="0.001" classname="lk.ac.mrt.cse.mscresearch.codeclones.FieldOpDecodeRegExTest"/>
  <testcase name="test_other_code_is_not_matched" time="0.0" classname="lk.ac.mrt.cse.mscresearch.codeclones.FieldOpDecodeRegExTest"/>
  <testcase name="test_other_code_is_not_matched" time="0.0" classname="lk.ac.mrt.cse.mscresearch.codeclones.FieldOpDecodeRegExTest"/>
  <testcase name="test_other_code_is_not_matched" time="0.0" classname="lk.ac.mrt.cse.mscresearch.codeclones.FieldOpDecodeRegExTest"/>
  <testcase name="test_other_code_is_not_matched" time="0.0" classname="lk.ac.mrt.cse.mscresearch.codeclones.FieldOpDecodeRegExTest"/>
  <testcase name="test_other_code_is_not_matched" time="0.0" classname="lk.ac.mrt.cse.mscresearch.codeclones.FieldOpDecodeRegExTest"/>
  <testcase name="test_other_code_is_not_matched" time="0.001" classname="lk.ac.mrt.cse.mscresearch.codeclones.FieldOpDecodeRegExTest"/>
  <testcase name="test_other_code_is_not_matched" time="0.001" classname="lk.ac.mrt.cse.mscresearch.codeclones.FieldOpDecodeRegExTest"/>
  <testcase name="test_other_code_is_not_matched" time="0.001" classname="lk.ac.mrt.cse.mscresearch.codeclones.FieldOpDecodeRegExTest"/>
  <testcase name="test_other_code_is_not_matched" time="0.001" classname="lk.ac.mrt.cse.mscresearch.codeclones.FieldOpDecodeRegExTest"/>
  <testcase name="test_other_code_is_not_matched" time="0.0" classname="lk.ac.mrt.cse.mscresearch.codeclones.FieldOpDecodeRegExTest"/>
  <testcase name="test_other_code_is_not_matched" time="0.0" classname="lk.ac.mrt.cse.mscresearch.codeclones.FieldOpDecodeRegExTest"/>
  <testcase name="test_other_code_is_not_matched" time="0.0" classname="lk.ac.mrt.cse.mscresearch.codeclones.FieldOpDecodeRegExTest"/>
  <testcase name="test_other_code_is_not_matched" time="0.001" classname="lk.ac.mrt.cse.mscresearch.codeclones.FieldOpDecodeRegExTest"/>
  <testcase name="test_other_code_is_not_matched" time="0.001" classname="lk.ac.mrt.cse.mscresearch.codeclones.FieldOpDecodeRegExTest"/>
  <testcase name="test_other_code_is_not_matched" time="0.0" classname="lk.ac.mrt.cse.mscresearch.codeclones.FieldOpDecodeRegExTest"/>
  <testcase name="test_other_code_is_not_matched" time="0.001" classname="lk.ac.mrt.cse.mscresearch.codeclones.FieldOpDecodeRegExTest"/>
  <testcase name="test_other_code_is_not_matched" time="0.001" classname="lk.ac.mrt.cse.mscresearch.codeclones.FieldOpDecodeRegExTest"/>
  <testcase name="test_other_code_is_not_matched" time="0.0" classname="lk.ac.mrt.cse.mscresearch.codeclones.FieldOpDecodeRegExTest"/>
  <testcase name="test_other_code_is_not_matched" time="0.0" classname="lk.ac.mrt.cse.mscresearch.codeclones.FieldOpDecodeRegExTest"/>
  <testcase name="test_other_code_is_not_matched" time="0.0" classname="lk.ac.mrt.cse.mscresearch.codeclones.FieldOpDecodeRegExTest"/>
  <testcase name="test_other_code_is_not_matched" time="0.001" classname="lk.ac.mrt.cse.mscresearch.codeclones.FieldOpDecodeRegExTest"/>
  <testcase name="test_other_code_is_not_matched" time="0.0" classname="lk.ac.mrt.cse.mscresearch.codeclones.FieldOpDecodeRegExTest"/>
  <testcase name="test_other_code_is_not_matched" time="0.0" classname="lk.ac.mrt.cse.mscresearch.codeclones.FieldOpDecodeRegExTest"/>
  <testcase name="test_other_code_is_not_matched" time="0.001" classname="lk.ac.mrt.cse.mscresearch.codeclones.FieldOpDecodeRegExTest"/>
  <testcase name="test_other_code_is_not_matched" time="0.0" classname="lk.ac.mrt.cse.mscresearch.codeclones.FieldOpDecodeRegExTest"/>
  <testcase name="test_other_code_is_not_matched" time="0.0" classname="lk.ac.mrt.cse.mscresearch.codeclones.FieldOpDecodeRegExTest"/>
  <testcase name="test_other_code_is_not_matched" time="0.001" classname="lk.ac.mrt.cse.mscresearch.codeclones.FieldOpDecodeRegExTest"/>
  <testcase name="test_other_code_is_not_matched" time="0.0" classname="lk.ac.mrt.cse.mscresearch.codeclones.FieldOpDecodeRegExTest"/>
  <testcase name="test_other_code_is_not_matched" time="0.0" classname="lk.ac.mrt.cse.mscresearch.codeclones.FieldOpDecodeRegExTest"/>
  <testcase name="test_other_code_is_not_matched" time="0.0" classname="lk.ac.mrt.cse.mscresearch.codeclones.FieldOpDecodeRegExTest"/>
  <testcase name="test_other_code_is_not_matched" time="0.0" classname="lk.ac.mrt.cse.mscresearch.codeclones.FieldOpDecodeRegExTest"/>
  <testcase name="test_other_code_is_not_matched" time="0.001" classname="lk.ac.mrt.cse.mscresearch.codeclones.FieldOpDecodeRegExTest"/>
  <testcase name="test_other_code_is_not_matched" time="0.0" classname="lk.ac.mrt.cse.mscresearch.codeclones.FieldOpDecodeRegExTest"/>
  <testcase name="test_other_code_is_not_matched" time="0.0" classname="lk.ac.mrt.cse.mscresearch.codeclones.FieldOpDecodeRegExTest"/>
  <testcase name="test_other_code_is_not_matched" time="0.0" classname="lk.ac.mrt.cse.mscresearch.codeclones.FieldOpDecodeRegExTest"/>
  <testcase name="test_other_code_is_not_matched" time="0.0" classname="lk.ac.mrt.cse.mscresearch.codeclones.FieldOpDecodeRegExTest"/>
  <testcase name="test_other_code_is_not_matched" time="0.0" classname="lk.ac.mrt.cse.mscresearch.codeclones.FieldOpDecodeRegExTest"/>
  <testcase name="test_other_code_is_not_matched" time="0.0" classname="lk.ac.mrt.cse.mscresearch.codeclones.FieldOpDecodeRegExTest"/>
  <testcase name="test_other_code_is_not_matched" time="0.001" classname="lk.ac.mrt.cse.mscresearch.codeclones.FieldOpDecodeRegExTest"/>
  <testcase name="test_other_code_is_not_matched" time="0.001" classname="lk.ac.mrt.cse.mscresearch.codeclones.FieldOpDecodeRegExTest"/>
  <testcase name="test_other_code_is_not_matched" time="0.001" classname="lk.ac.mrt.cse.mscresearch.codeclones.FieldOpDecodeRegExTest"/>
  <testcase name="test_other_code_is_not_matched" time="0.0" classname="lk.ac.mrt.cse.mscresearch.codeclones.FieldOpDecodeRegExTest"/>
  <testcase name="test_other_code_is_not_matched" time="0.0" classname="lk.ac.mrt.cse.mscresearch.codeclones.FieldOpDecodeRegExTest"/>
  <testcase name="test_other_code_is_not_matched" time="0.001" classname="lk.ac.mrt.cse.mscresearch.codeclones.FieldOpDecodeRegExTest"/>
  <testcase name="test_other_code_is_not_matched" time="0.0" classname="lk.ac.mrt.cse.mscresearch.codeclones.FieldOpDecodeRegExTest"/>
  <testcase name="test_other_code_is_not_matched" time="0.0" classname="lk.ac.mrt.cse.mscresearch.codeclones.FieldOpDecodeRegExTest"/>
  <testcase name="test_other_code_is_not_matched" time="0.0" classname="lk.ac.mrt.cse.mscresearch.codeclones.FieldOpDecodeRegExTest"/>
  <testcase name="test_other_code_is_not_matched" time="0.001" classname="lk.ac.mrt.cse.mscresearch.codeclones.FieldOpDecodeRegExTest"/>
  <testcase name="test_other_code_is_not_matched" time="0.0" classname="lk.ac.mrt.cse.mscresearch.codeclones.FieldOpDecodeRegExTest"/>
  <testcase name="test_other_code_is_not_matched" time="0.0" classname="lk.ac.mrt.cse.mscresearch.codeclones.FieldOpDecodeRegExTest"/>
  <testcase name="test_other_code_is_not_matched" time="0.0" classname="lk.ac.mrt.cse.mscresearch.codeclones.FieldOpDecodeRegExTest"/>
  <testcase name="test_other_code_is_not_matched" time="0.001" classname="lk.ac.mrt.cse.mscresearch.codeclones.FieldOpDecodeRegExTest"/>
  <testcase name="test_other_code_is_not_matched" time="0.0" classname="lk.ac.mrt.cse.mscresearch.codeclones.FieldOpDecodeRegExTest"/>
  <testcase name="test_other_code_is_not_matched" time="0.0" classname="lk.ac.mrt.cse.mscresearch.codeclones.FieldOpDecodeRegExTest"/>
  <testcase name="test_other_code_is_not_matched" time="0.0" classname="lk.ac.mrt.cse.mscresearch.codeclones.FieldOpDecodeRegExTest"/>
  <testcase name="test_other_code_is_not_matched" time="0.001" classname="lk.ac.mrt.cse.mscresearch.codeclones.FieldOpDecodeRegExTest"/>
  <testcase name="test_other_code_is_not_matched" time="0.0" classname="lk.ac.mrt.cse.mscresearch.codeclones.FieldOpDecodeRegExTest"/>
  <testcase name="test_other_code_is_not_matched" time="0.0" classname="lk.ac.mrt.cse.mscresearch.codeclones.FieldOpDecodeRegExTest"/>
  <testcase name="test_other_code_is_not_matched" time="0.0" classname="lk.ac.mrt.cse.mscresearch.codeclones.FieldOpDecodeRegExTest"/>
  <testcase name="test_other_code_is_not_matched" time="0.001" classname="lk.ac.mrt.cse.mscresearch.codeclones.FieldOpDecodeRegExTest"/>
  <testcase name="test_other_code_is_not_matched" time="0.0" classname="lk.ac.mrt.cse.mscresearch.codeclones.FieldOpDecodeRegExTest"/>
  <testcase name="test_other_code_is_not_matched" time="0.0" classname="lk.ac.mrt.cse.mscresearch.codeclones.FieldOpDecodeRegExTest"/>
  <testcase name="test_other_code_is_not_matched" time="0.001" classname="lk.ac.mrt.cse.mscresearch.codeclones.FieldOpDecodeRegExTest"/>
  <testcase name="test_other_code_is_not_matched" time="0.006" classname="lk.ac.mrt.cse.mscresearch.codeclones.FieldOpDecodeRegExTest"/>
  <testcase name="test_other_code_is_not_matched" time="0.002" classname="lk.ac.mrt.cse.mscresearch.codeclones.FieldOpDecodeRegExTest"/>
  <testcase name="test_other_code_is_not_matched" time="0.0" classname="lk.ac.mrt.cse.mscresearch.codeclones.FieldOpDecodeRegExTest"/>
  <testcase name="test_other_code_is_not_matched" time="0.001" classname="lk.ac.mrt.cse.mscresearch.codeclones.FieldOpDecodeRegExTest"/>
  <testcase name="test_other_code_is_not_matched" time="0.0" classname="lk.ac.mrt.cse.mscresearch.codeclones.FieldOpDecodeRegExTest"/>
  <testcase name="test_other_code_is_not_matched" time="0.001" classname="lk.ac.mrt.cse.mscresearch.codeclones.FieldOpDecodeRegExTest"/>
  <testcase name="test_other_code_is_not_matched" time="0.0" classname="lk.ac.mrt.cse.mscresearch.codeclones.FieldOpDecodeRegExTest"/>
  <testcase name="test_other_code_is_not_matched" time="0.0" classname="lk.ac.mrt.cse.mscresearch.codeclones.FieldOpDecodeRegExTest"/>
  <testcase name="test_other_code_is_not_matched" time="0.0" classname="lk.ac.mrt.cse.mscresearch.codeclones.FieldOpDecodeRegExTest"/>
  <testcase name="test_other_code_is_not_matched" time="0.001" classname="lk.ac.mrt.cse.mscresearch.codeclones.FieldOpDecodeRegExTest"/>
  <testcase name="test_other_code_is_not_matched" time="0.0" classname="lk.ac.mrt.cse.mscresearch.codeclones.FieldOpDecodeRegExTest"/>
  <testcase name="test_other_code_is_not_matched" time="0.0" classname="lk.ac.mrt.cse.mscresearch.codeclones.FieldOpDecodeRegExTest"/>
  <testcase name="test_other_code_is_not_matched" time="0.001" classname="lk.ac.mrt.cse.mscresearch.codeclones.FieldOpDecodeRegExTest"/>
  <testcase name="test_other_code_is_not_matched" time="0.0" classname="lk.ac.mrt.cse.mscresearch.codeclones.FieldOpDecodeRegExTest"/>
  <testcase name="test_other_code_is_not_matched" time="0.001" classname="lk.ac.mrt.cse.mscresearch.codeclones.FieldOpDecodeRegExTest"/>
  <testcase name="test_other_code_is_not_matched" time="0.0" classname="lk.ac.mrt.cse.mscresearch.codeclones.FieldOpDecodeRegExTest"/>
  <testcase name="test_other_code_is_not_matched" time="0.0" classname="lk.ac.mrt.cse.mscresearch.codeclones.FieldOpDecodeRegExTest"/>
  <testcase name="test_other_code_is_not_matched" time="0.0" classname="lk.ac.mrt.cse.mscresearch.codeclones.FieldOpDecodeRegExTest"/>
  <testcase name="test_other_code_is_not_matched" time="0.0" classname="lk.ac.mrt.cse.mscresearch.codeclones.FieldOpDecodeRegExTest"/>
  <testcase name="test_other_code_is_not_matched" time="0.0" classname="lk.ac.mrt.cse.mscresearch.codeclones.FieldOpDecodeRegExTest"/>
  <testcase name="test_other_code_is_not_matched" time="0.0" classname="lk.ac.mrt.cse.mscresearch.codeclones.FieldOpDecodeRegExTest"/>
  <testcase name="test_other_code_is_not_matched" time="0.0" classname="lk.ac.mrt.cse.mscresearch.codeclones.FieldOpDecodeRegExTest"/>
  <testcase name="testinvoke" time="0.0" classname="lk.ac.mrt.cse.mscresearch.codeclones.FieldOpDecodeRegExTest"/>
  <testcase name="testinvoke" time="0.0" classname="lk.ac.mrt.cse.mscresearch.codeclones.FieldOpDecodeRegExTest"/>
  <testcase name="testinvoke" time="0.001" classname="lk.ac.mrt.cse.mscresearch.codeclones.FieldOpDecodeRegExTest"/>
  <testcase name="testinvoke" time="0.0" classname="lk.ac.mrt.cse.mscresearch.codeclones.FieldOpDecodeRegExTest"/>
  <testcase name="testinvoke" time="0.0" classname="lk.ac.mrt.cse.mscresearch.codeclones.FieldOpDecodeRegExTest"/>
  <testcase name="testinvoke" time="0.0" classname="lk.ac.mrt.cse.mscresearch.codeclones.FieldOpDecodeRegExTest"/>
  <testcase name="testinvoke" time="0.0" classname="lk.ac.mrt.cse.mscresearch.codeclones.FieldOpDecodeRegExTest"/>
  <testcase name="testinvoke" time="0.0" classname="lk.ac.mrt.cse.mscresearch.codeclones.FieldOpDecodeRegExTest"/>
  <testcase name="testinvoke" time="0.001" classname="lk.ac.mrt.cse.mscresearch.codeclones.FieldOpDecodeRegExTest"/>
  <testcase name="testinvoke" time="0.001" classname="lk.ac.mrt.cse.mscresearch.codeclones.FieldOpDecodeRegExTest"/>
  <testcase name="testinvoke" time="0.0" classname="lk.ac.mrt.cse.mscresearch.codeclones.FieldOpDecodeRegExTest"/>
  <testcase name="testinvoke" time="0.0" classname="lk.ac.mrt.cse.mscresearch.codeclones.FieldOpDecodeRegExTest"/>
  <testcase name="test_other_code_is_not_matched" time="0.001" classname="lk.ac.mrt.cse.mscresearch.codeclones.ConditionalOpDecodeRegExTest"/>
  <testcase name="test_other_code_is_not_matched" time="0.001" classname="lk.ac.mrt.cse.mscresearch.codeclones.ConditionalOpDecodeRegExTest"/>
  <testcase name="test_other_code_is_not_matched" time="0.001" classname="lk.ac.mrt.cse.mscresearch.codeclones.ConditionalOpDecodeRegExTest"/>
  <testcase name="test_other_code_is_not_matched" time="0.0" classname="lk.ac.mrt.cse.mscresearch.codeclones.ConditionalOpDecodeRegExTest"/>
  <testcase name="test_other_code_is_not_matched" time="0.001" classname="lk.ac.mrt.cse.mscresearch.codeclones.ConditionalOpDecodeRegExTest"/>
  <testcase name="test_other_code_is_not_matched" time="0.001" classname="lk.ac.mrt.cse.mscresearch.codeclones.ConditionalOpDecodeRegExTest"/>
  <testcase name="test_other_code_is_not_matched" time="0.0" classname="lk.ac.mrt.cse.mscresearch.codeclones.ConditionalOpDecodeRegExTest"/>
  <testcase name="test_other_code_is_not_matched" time="0.0" classname="lk.ac.mrt.cse.mscresearch.codeclones.ConditionalOpDecodeRegExTest"/>
  <testcase name="test_other_code_is_not_matched" time="0.0" classname="lk.ac.mrt.cse.mscresearch.codeclones.ConditionalOpDecodeRegExTest"/>
  <testcase name="test_other_code_is_not_matched" time="0.003" classname="lk.ac.mrt.cse.mscresearch.codeclones.ConditionalOpDecodeRegExTest"/>
  <testcase name="test_other_code_is_not_matched" time="0.001" classname="lk.ac.mrt.cse.mscresearch.codeclones.ConditionalOpDecodeRegExTest"/>
  <testcase name="test_other_code_is_not_matched" time="0.0" classname="lk.ac.mrt.cse.mscresearch.codeclones.ConditionalOpDecodeRegExTest"/>
  <testcase name="test_other_code_is_not_matched" time="0.0" classname="lk.ac.mrt.cse.mscresearch.codeclones.ConditionalOpDecodeRegExTest"/>
  <testcase name="test_other_code_is_not_matched" time="0.0" classname="lk.ac.mrt.cse.mscresearch.codeclones.ConditionalOpDecodeRegExTest"/>
  <testcase name="test_other_code_is_not_matched" time="0.0" classname="lk.ac.mrt.cse.mscresearch.codeclones.ConditionalOpDecodeRegExTest"/>
  <testcase name="test_other_code_is_not_matched" time="0.001" classname="lk.ac.mrt.cse.mscresearch.codeclones.ConditionalOpDecodeRegExTest"/>
  <testcase name="test_other_code_is_not_matched" time="0.0" classname="lk.ac.mrt.cse.mscresearch.codeclones.ConditionalOpDecodeRegExTest"/>
  <testcase name="test_other_code_is_not_matched" time="0.0" classname="lk.ac.mrt.cse.mscresearch.codeclones.ConditionalOpDecodeRegExTest"/>
  <testcase name="test_other_code_is_not_matched" time="0.0" classname="lk.ac.mrt.cse.mscresearch.codeclones.ConditionalOpDecodeRegExTest"/>
  <testcase name="test_other_code_is_not_matched" time="0.0" classname="lk.ac.mrt.cse.mscresearch.codeclones.ConditionalOpDecodeRegExTest"/>
  <testcase name="test_other_code_is_not_matched" time="0.0" classname="lk.ac.mrt.cse.mscresearch.codeclones.ConditionalOpDecodeRegExTest"/>
  <testcase name="test_other_code_is_not_matched" time="0.0" classname="lk.ac.mrt.cse.mscresearch.codeclones.ConditionalOpDecodeRegExTest"/>
  <testcase name="test_other_code_is_not_matched" time="0.0" classname="lk.ac.mrt.cse.mscresearch.codeclones.ConditionalOpDecodeRegExTest"/>
  <testcase name="test_other_code_is_not_matched" time="0.0" classname="lk.ac.mrt.cse.mscresearch.codeclones.ConditionalOpDecodeRegExTest"/>
  <testcase name="test_other_code_is_not_matched" time="0.0" classname="lk.ac.mrt.cse.mscresearch.codeclones.ConditionalOpDecodeRegExTest"/>
  <testcase name="test_other_code_is_not_matched" time="0.001" classname="lk.ac.mrt.cse.mscresearch.codeclones.ConditionalOpDecodeRegExTest"/>
  <testcase name="test_other_code_is_not_matched" time="0.0" classname="lk.ac.mrt.cse.mscresearch.codeclones.ConditionalOpDecodeRegExTest"/>
  <testcase name="test_other_code_is_not_matched" time="0.0" classname="lk.ac.mrt.cse.mscresearch.codeclones.ConditionalOpDecodeRegExTest"/>
  <testcase name="test_other_code_is_not_matched" time="0.0" classname="lk.ac.mrt.cse.mscresearch.codeclones.ConditionalOpDecodeRegExTest"/>
  <testcase name="test_other_code_is_not_matched" time="0.0" classname="lk.ac.mrt.cse.mscresearch.codeclones.ConditionalOpDecodeRegExTest"/>
  <testcase name="test_other_code_is_not_matched" time="0.0" classname="lk.ac.mrt.cse.mscresearch.codeclones.ConditionalOpDecodeRegExTest"/>
  <testcase name="test_other_code_is_not_matched" time="0.003" classname="lk.ac.mrt.cse.mscresearch.codeclones.ConditionalOpDecodeRegExTest"/>
  <testcase name="test_other_code_is_not_matched" time="0.0" classname="lk.ac.mrt.cse.mscresearch.codeclones.ConditionalOpDecodeRegExTest"/>
  <testcase name="test_other_code_is_not_matched" time="0.0" classname="lk.ac.mrt.cse.mscresearch.codeclones.ConditionalOpDecodeRegExTest"/>
  <testcase name="test_other_code_is_not_matched" time="0.0" classname="lk.ac.mrt.cse.mscresearch.codeclones.ConditionalOpDecodeRegExTest"/>
  <testcase name="test_other_code_is_not_matched" time="0.001" classname="lk.ac.mrt.cse.mscresearch.codeclones.ConditionalOpDecodeRegExTest"/>
  <testcase name="test_other_code_is_not_matched" time="0.0" classname="lk.ac.mrt.cse.mscresearch.codeclones.ConditionalOpDecodeRegExTest"/>
  <testcase name="test_other_code_is_not_matched" time="0.0" classname="lk.ac.mrt.cse.mscresearch.codeclones.ConditionalOpDecodeRegExTest"/>
  <testcase name="test_other_code_is_not_matched" time="0.001" classname="lk.ac.mrt.cse.mscresearch.codeclones.ConditionalOpDecodeRegExTest"/>
  <testcase name="test_other_code_is_not_matched" time="0.002" classname="lk.ac.mrt.cse.mscresearch.codeclones.ConditionalOpDecodeRegExTest"/>
  <testcase name="test_other_code_is_not_matched" time="0.001" classname="lk.ac.mrt.cse.mscresearch.codeclones.ConditionalOpDecodeRegExTest"/>
  <testcase name="test_other_code_is_not_matched" time="0.0" classname="lk.ac.mrt.cse.mscresearch.codeclones.ConditionalOpDecodeRegExTest"/>
  <testcase name="test_other_code_is_not_matched" time="0.0" classname="lk.ac.mrt.cse.mscresearch.codeclones.ConditionalOpDecodeRegExTest"/>
  <testcase name="test_other_code_is_not_matched" time="0.0" classname="lk.ac.mrt.cse.mscresearch.codeclones.ConditionalOpDecodeRegExTest"/>
  <testcase name="test_other_code_is_not_matched" time="0.0" classname="lk.ac.mrt.cse.mscresearch.codeclones.ConditionalOpDecodeRegExTest"/>
  <testcase name="test_other_code_is_not_matched" time="0.0" classname="lk.ac.mrt.cse.mscresearch.codeclones.ConditionalOpDecodeRegExTest"/>
  <testcase name="test_other_code_is_not_matched" time="0.0" classname="lk.ac.mrt.cse.mscresearch.codeclones.ConditionalOpDecodeRegExTest"/>
  <testcase name="test_other_code_is_not_matched" time="0.0" classname="lk.ac.mrt.cse.mscresearch.codeclones.ConditionalOpDecodeRegExTest"/>
  <testcase name="test_other_code_is_not_matched" time="0.001" classname="lk.ac.mrt.cse.mscresearch.codeclones.ConditionalOpDecodeRegExTest"/>
  <testcase name="test_other_code_is_not_matched" time="0.003" classname="lk.ac.mrt.cse.mscresearch.codeclones.ConditionalOpDecodeRegExTest"/>
  <testcase name="test_other_code_is_not_matched" time="0.0" classname="lk.ac.mrt.cse.mscresearch.codeclones.ConditionalOpDecodeRegExTest"/>
  <testcase name="test_other_code_is_not_matched" time="0.001" classname="lk.ac.mrt.cse.mscresearch.codeclones.ConditionalOpDecodeRegExTest"/>
  <testcase name="test_other_code_is_not_matched" time="0.0" classname="lk.ac.mrt.cse.mscresearch.codeclones.ConditionalOpDecodeRegExTest"/>
  <testcase name="test_other_code_is_not_matched" time="0.001" classname="lk.ac.mrt.cse.mscresearch.codeclones.ConditionalOpDecodeRegExTest"/>
  <testcase name="test_other_code_is_not_matched" time="0.0" classname="lk.ac.mrt.cse.mscresearch.codeclones.ConditionalOpDecodeRegExTest"/>
  <testcase name="test_other_code_is_not_matched" time="0.001" classname="lk.ac.mrt.cse.mscresearch.codeclones.ConditionalOpDecodeRegExTest"/>
  <testcase name="test_other_code_is_not_matched" time="0.0" classname="lk.ac.mrt.cse.mscresearch.codeclones.ConditionalOpDecodeRegExTest"/>
  <testcase name="test_other_code_is_not_matched" time="0.0" classname="lk.ac.mrt.cse.mscresearch.codeclones.ConditionalOpDecodeRegExTest"/>
  <testcase name="test_other_code_is_not_matched" time="0.0" classname="lk.ac.mrt.cse.mscresearch.codeclones.ConditionalOpDecodeRegExTest"/>
  <testcase name="test_other_code_is_not_matched" time="0.001" classname="lk.ac.mrt.cse.mscresearch.codeclones.ConditionalOpDecodeRegExTest"/>
  <testcase name="test_other_code_is_not_matched" time="0.001" classname="lk.ac.mrt.cse.mscresearch.codeclones.ConditionalOpDecodeRegExTest"/>
  <testcase name="test_other_code_is_not_matched" time="0.0" classname="lk.ac.mrt.cse.mscresearch.codeclones.ConditionalOpDecodeRegExTest"/>
  <testcase name="test_other_code_is_not_matched" time="0.0" classname="lk.ac.mrt.cse.mscresearch.codeclones.ConditionalOpDecodeRegExTest"/>
  <testcase name="test_other_code_is_not_matched" time="0.0" classname="lk.ac.mrt.cse.mscresearch.codeclones.ConditionalOpDecodeRegExTest"/>
  <testcase name="test_other_code_is_not_matched" time="0.001" classname="lk.ac.mrt.cse.mscresearch.codeclones.ConditionalOpDecodeRegExTest"/>
  <testcase name="test_other_code_is_not_matched" time="0.0" classname="lk.ac.mrt.cse.mscresearch.codeclones.ConditionalOpDecodeRegExTest"/>
  <testcase name="test_other_code_is_not_matched" time="0.0" classname="lk.ac.mrt.cse.mscresearch.codeclones.ConditionalOpDecodeRegExTest"/>
  <testcase name="test_other_code_is_not_matched" time="0.002" classname="lk.ac.mrt.cse.mscresearch.codeclones.ConditionalOpDecodeRegExTest"/>
  <testcase name="test_other_code_is_not_matched" time="0.001" classname="lk.ac.mrt.cse.mscresearch.codeclones.ConditionalOpDecodeRegExTest"/>
  <testcase name="test_other_code_is_not_matched" time="0.0" classname="lk.ac.mrt.cse.mscresearch.codeclones.ConditionalOpDecodeRegExTest"/>
  <testcase name="test_other_code_is_not_matched" time="0.0" classname="lk.ac.mrt.cse.mscresearch.codeclones.ConditionalOpDecodeRegExTest"/>
  <testcase name="test_other_code_is_not_matched" time="0.0" classname="lk.ac.mrt.cse.mscresearch.codeclones.ConditionalOpDecodeRegExTest"/>
  <testcase name="test_other_code_is_not_matched" time="0.0" classname="lk.ac.mrt.cse.mscresearch.codeclones.ConditionalOpDecodeRegExTest"/>
  <testcase name="test_other_code_is_not_matched" time="0.001" classname="lk.ac.mrt.cse.mscresearch.codeclones.ConditionalOpDecodeRegExTest"/>
  <testcase name="test_other_code_is_not_matched" time="0.005" classname="lk.ac.mrt.cse.mscresearch.codeclones.ConditionalOpDecodeRegExTest"/>
  <testcase name="test_other_code_is_not_matched" time="0.002" classname="lk.ac.mrt.cse.mscresearch.codeclones.ConditionalOpDecodeRegExTest"/>
  <testcase name="test_other_code_is_not_matched" time="0.001" classname="lk.ac.mrt.cse.mscresearch.codeclones.ConditionalOpDecodeRegExTest"/>
  <testcase name="test_other_code_is_not_matched" time="0.0" classname="lk.ac.mrt.cse.mscresearch.codeclones.ConditionalOpDecodeRegExTest"/>
  <testcase name="test_other_code_is_not_matched" time="0.001" classname="lk.ac.mrt.cse.mscresearch.codeclones.ConditionalOpDecodeRegExTest"/>
  <testcase name="test_other_code_is_not_matched" time="0.0" classname="lk.ac.mrt.cse.mscresearch.codeclones.ConditionalOpDecodeRegExTest"/>
  <testcase name="test_other_code_is_not_matched" time="0.0" classname="lk.ac.mrt.cse.mscresearch.codeclones.ConditionalOpDecodeRegExTest"/>
  <testcase name="test_other_code_is_not_matched" time="0.001" classname="lk.ac.mrt.cse.mscresearch.codeclones.ConditionalOpDecodeRegExTest"/>
  <testcase name="test_other_code_is_not_matched" time="0.001" classname="lk.ac.mrt.cse.mscresearch.codeclones.ConditionalOpDecodeRegExTest"/>
  <testcase name="test_other_code_is_not_matched" time="0.0" classname="lk.ac.mrt.cse.mscresearch.codeclones.ConditionalOpDecodeRegExTest"/>
  <testcase name="test_other_code_is_not_matched" time="0.0" classname="lk.ac.mrt.cse.mscresearch.codeclones.ConditionalOpDecodeRegExTest"/>
  <testcase name="test_other_code_is_not_matched" time="0.001" classname="lk.ac.mrt.cse.mscresearch.codeclones.ConditionalOpDecodeRegExTest"/>
  <testcase name="test_other_code_is_not_matched" time="0.0" classname="lk.ac.mrt.cse.mscresearch.codeclones.ConditionalOpDecodeRegExTest"/>
  <testcase name="test_other_code_is_not_matched" time="0.001" classname="lk.ac.mrt.cse.mscresearch.codeclones.ConditionalOpDecodeRegExTest"/>
  <testcase name="test_other_code_is_not_matched" time="0.0" classname="lk.ac.mrt.cse.mscresearch.codeclones.ConditionalOpDecodeRegExTest"/>
  <testcase name="test_other_code_is_not_matched" time="0.0" classname="lk.ac.mrt.cse.mscresearch.codeclones.ConditionalOpDecodeRegExTest"/>
  <testcase name="test_other_code_is_not_matched" time="0.0" classname="lk.ac.mrt.cse.mscresearch.codeclones.ConditionalOpDecodeRegExTest"/>
  <testcase name="test_other_code_is_not_matched" time="0.0" classname="lk.ac.mrt.cse.mscresearch.codeclones.ConditionalOpDecodeRegExTest"/>
  <testcase name="test_other_code_is_not_matched" time="0.001" classname="lk.ac.mrt.cse.mscresearch.codeclones.ConditionalOpDecodeRegExTest"/>
  <testcase name="test_other_code_is_not_matched" time="0.0" classname="lk.ac.mrt.cse.mscresearch.codeclones.ConditionalOpDecodeRegExTest"/>
  <testcase name="test_other_code_is_not_matched" time="0.0" classname="lk.ac.mrt.cse.mscresearch.codeclones.ConditionalOpDecodeRegExTest"/>
  <testcase name="test_other_code_is_not_matched" time="0.001" classname="lk.ac.mrt.cse.mscresearch.codeclones.ConditionalOpDecodeRegExTest"/>
  <testcase name="test_other_code_is_not_matched" time="0.001" classname="lk.ac.mrt.cse.mscresearch.codeclones.ConditionalOpDecodeRegExTest"/>
  <testcase name="test_other_code_is_not_matched" time="0.0" classname="lk.ac.mrt.cse.mscresearch.codeclones.ConditionalOpDecodeRegExTest"/>
  <testcase name="test_other_code_is_not_matched" time="0.0" classname="lk.ac.mrt.cse.mscresearch.codeclones.ConditionalOpDecodeRegExTest"/>
  <testcase name="test_other_code_is_not_matched" time="0.0" classname="lk.ac.mrt.cse.mscresearch.codeclones.ConditionalOpDecodeRegExTest"/>
  <testcase name="test_other_code_is_not_matched" time="0.001" classname="lk.ac.mrt.cse.mscresearch.codeclones.ConditionalOpDecodeRegExTest"/>
  <testcase name="test_other_code_is_not_matched" time="0.0" classname="lk.ac.mrt.cse.mscresearch.codeclones.ConditionalOpDecodeRegExTest"/>
  <testcase name="test_other_code_is_not_matched" time="0.0" classname="lk.ac.mrt.cse.mscresearch.codeclones.ConditionalOpDecodeRegExTest"/>
  <testcase name="test_other_code_is_not_matched" time="0.0" classname="lk.ac.mrt.cse.mscresearch.codeclones.ConditionalOpDecodeRegExTest"/>
  <testcase name="test_other_code_is_not_matched" time="0.0" classname="lk.ac.mrt.cse.mscresearch.codeclones.ConditionalOpDecodeRegExTest"/>
  <testcase name="test_other_code_is_not_matched" time="0.0" classname="lk.ac.mrt.cse.mscresearch.codeclones.ConditionalOpDecodeRegExTest"/>
  <testcase name="test_other_code_is_not_matched" time="0.0" classname="lk.ac.mrt.cse.mscresearch.codeclones.ConditionalOpDecodeRegExTest"/>
  <testcase name="test_other_code_is_not_matched" time="0.0" classname="lk.ac.mrt.cse.mscresearch.codeclones.ConditionalOpDecodeRegExTest"/>
  <testcase name="test_other_code_is_not_matched" time="0.0" classname="lk.ac.mrt.cse.mscresearch.codeclones.ConditionalOpDecodeRegExTest"/>
  <testcase name="test_other_code_is_not_matched" time="0.001" classname="lk.ac.mrt.cse.mscresearch.codeclones.ConditionalOpDecodeRegExTest"/>
  <testcase name="test_other_code_is_not_matched" time="0.0" classname="lk.ac.mrt.cse.mscresearch.codeclones.ConditionalOpDecodeRegExTest"/>
  <testcase name="test_other_code_is_not_matched" time="0.021" classname="lk.ac.mrt.cse.mscresearch.codeclones.ConditionalOpDecodeRegExTest"/>
  <testcase name="test_other_code_is_not_matched" time="0.0" classname="lk.ac.mrt.cse.mscresearch.codeclones.ConditionalOpDecodeRegExTest"/>
  <testcase name="test_other_code_is_not_matched" time="0.0" classname="lk.ac.mrt.cse.mscresearch.codeclones.ConditionalOpDecodeRegExTest"/>
  <testcase name="test_other_code_is_not_matched" time="0.0" classname="lk.ac.mrt.cse.mscresearch.codeclones.ConditionalOpDecodeRegExTest"/>
  <testcase name="test_other_code_is_not_matched" time="0.0" classname="lk.ac.mrt.cse.mscresearch.codeclones.ConditionalOpDecodeRegExTest"/>
  <testcase name="test_other_code_is_not_matched" time="0.0" classname="lk.ac.mrt.cse.mscresearch.codeclones.ConditionalOpDecodeRegExTest"/>
  <testcase name="test_other_code_is_not_matched" time="0.0" classname="lk.ac.mrt.cse.mscresearch.codeclones.ConditionalOpDecodeRegExTest"/>
  <testcase name="test_other_code_is_not_matched" time="0.001" classname="lk.ac.mrt.cse.mscresearch.codeclones.ConditionalOpDecodeRegExTest"/>
  <testcase name="test_other_code_is_not_matched" time="0.0" classname="lk.ac.mrt.cse.mscresearch.codeclones.ConditionalOpDecodeRegExTest"/>
  <testcase name="test_other_code_is_not_matched" time="0.0" classname="lk.ac.mrt.cse.mscresearch.codeclones.ConditionalOpDecodeRegExTest"/>
  <testcase name="test_other_code_is_not_matched" time="0.001" classname="lk.ac.mrt.cse.mscresearch.codeclones.ConditionalOpDecodeRegExTest"/>
  <testcase name="test_other_code_is_not_matched" time="0.0" classname="lk.ac.mrt.cse.mscresearch.codeclones.ConditionalOpDecodeRegExTest"/>
  <testcase name="test_other_code_is_not_matched" time="0.0" classname="lk.ac.mrt.cse.mscresearch.codeclones.ConditionalOpDecodeRegExTest"/>
  <testcase name="test_other_code_is_not_matched" time="0.0" classname="lk.ac.mrt.cse.mscresearch.codeclones.ConditionalOpDecodeRegExTest"/>
  <testcase name="test_other_code_is_not_matched" time="0.0" classname="lk.ac.mrt.cse.mscresearch.codeclones.ConditionalOpDecodeRegExTest"/>
  <testcase name="test_other_code_is_not_matched" time="0.0" classname="lk.ac.mrt.cse.mscresearch.codeclones.ConditionalOpDecodeRegExTest"/>
  <testcase name="test_other_code_is_not_matched" time="0.0" classname="lk.ac.mrt.cse.mscresearch.codeclones.ConditionalOpDecodeRegExTest"/>
  <testcase name="test_other_code_is_not_matched" time="0.001" classname="lk.ac.mrt.cse.mscresearch.codeclones.ConditionalOpDecodeRegExTest"/>
  <testcase name="test_other_code_is_not_matched" time="0.0" classname="lk.ac.mrt.cse.mscresearch.codeclones.ConditionalOpDecodeRegExTest"/>
  <testcase name="test_other_code_is_not_matched" time="0.0" classname="lk.ac.mrt.cse.mscresearch.codeclones.ConditionalOpDecodeRegExTest"/>
  <testcase name="test_other_code_is_not_matched" time="0.001" classname="lk.ac.mrt.cse.mscresearch.codeclones.ConditionalOpDecodeRegExTest"/>
  <testcase name="test_other_code_is_not_matched" time="0.0" classname="lk.ac.mrt.cse.mscresearch.codeclones.ConditionalOpDecodeRegExTest"/>
  <testcase name="test_other_code_is_not_matched" time="0.0" classname="lk.ac.mrt.cse.mscresearch.codeclones.ConditionalOpDecodeRegExTest"/>
  <testcase name="test_other_code_is_not_matched" time="0.002" classname="lk.ac.mrt.cse.mscresearch.codeclones.ConditionalOpDecodeRegExTest"/>
  <testcase name="test_other_code_is_not_matched" time="0.001" classname="lk.ac.mrt.cse.mscresearch.codeclones.ConditionalOpDecodeRegExTest"/>
  <testcase name="test_other_code_is_not_matched" time="0.0" classname="lk.ac.mrt.cse.mscresearch.codeclones.ConditionalOpDecodeRegExTest"/>
  <testcase name="test_other_code_is_not_matched" time="0.0" classname="lk.ac.mrt.cse.mscresearch.codeclones.ConditionalOpDecodeRegExTest"/>
  <testcase name="test_other_code_is_not_matched" time="0.0" classname="lk.ac.mrt.cse.mscresearch.codeclones.ConditionalOpDecodeRegExTest"/>
  <testcase name="test_other_code_is_not_matched" time="0.001" classname="lk.ac.mrt.cse.mscresearch.codeclones.ConditionalOpDecodeRegExTest"/>
  <testcase name="test_other_code_is_not_matched" time="0.001" classname="lk.ac.mrt.cse.mscresearch.codeclones.ConditionalOpDecodeRegExTest"/>
  <testcase name="test_other_code_is_not_matched" time="0.0" classname="lk.ac.mrt.cse.mscresearch.codeclones.ConditionalOpDecodeRegExTest"/>
  <testcase name="test_other_code_is_not_matched" time="0.001" classname="lk.ac.mrt.cse.mscresearch.codeclones.ConditionalOpDecodeRegExTest"/>
  <testcase name="test_other_code_is_not_matched" time="0.0" classname="lk.ac.mrt.cse.mscresearch.codeclones.ConditionalOpDecodeRegExTest"/>
  <testcase name="test_other_code_is_not_matched" time="0.001" classname="lk.ac.mrt.cse.mscresearch.codeclones.ConditionalOpDecodeRegExTest"/>
  <testcase name="test_other_code_is_not_matched" time="0.0" classname="lk.ac.mrt.cse.mscresearch.codeclones.ConditionalOpDecodeRegExTest"/>
  <testcase name="test_other_code_is_not_matched" time="0.001" classname="lk.ac.mrt.cse.mscresearch.codeclones.ConditionalOpDecodeRegExTest"/>
  <testcase name="test_other_code_is_not_matched" time="0.0" classname="lk.ac.mrt.cse.mscresearch.codeclones.ConditionalOpDecodeRegExTest"/>
  <testcase name="test_other_code_is_not_matched" time="0.001" classname="lk.ac.mrt.cse.mscresearch.codeclones.ConditionalOpDecodeRegExTest"/>
  <testcase name="test_other_code_is_not_matched" time="0.0" classname="lk.ac.mrt.cse.mscresearch.codeclones.ConditionalOpDecodeRegExTest"/>
  <testcase name="test_other_code_is_not_matched" time="0.0" classname="lk.ac.mrt.cse.mscresearch.codeclones.ConditionalOpDecodeRegExTest"/>
  <testcase name="test_other_code_is_not_matched" time="0.0" classname="lk.ac.mrt.cse.mscresearch.codeclones.ConditionalOpDecodeRegExTest"/>
  <testcase name="test_other_code_is_not_matched" time="0.0" classname="lk.ac.mrt.cse.mscresearch.codeclones.ConditionalOpDecodeRegExTest"/>
  <testcase name="test_other_code_is_not_matched" time="0.0" classname="lk.ac.mrt.cse.mscresearch.codeclones.ConditionalOpDecodeRegExTest"/>
  <testcase name="test_other_code_is_not_matched" time="0.0" classname="lk.ac.mrt.cse.mscresearch.codeclones.ConditionalOpDecodeRegExTest"/>
  <testcase name="test_other_code_is_not_matched" time="0.001" classname="lk.ac.mrt.cse.mscresearch.codeclones.ConditionalOpDecodeRegExTest"/>
  <testcase name="test_other_code_is_not_matched" time="0.0" classname="lk.ac.mrt.cse.mscresearch.codeclones.ConditionalOpDecodeRegExTest"/>
  <testcase name="test_other_code_is_not_matched" time="0.001" classname="lk.ac.mrt.cse.mscresearch.codeclones.ConditionalOpDecodeRegExTest"/>
  <testcase name="test_other_code_is_not_matched" time="0.001" classname="lk.ac.mrt.cse.mscresearch.codeclones.ConditionalOpDecodeRegExTest"/>
  <testcase name="test_other_code_is_not_matched" time="0.004" classname="lk.ac.mrt.cse.mscresearch.codeclones.ConditionalOpDecodeRegExTest"/>
  <testcase name="test_other_code_is_not_matched" time="0.0" classname="lk.ac.mrt.cse.mscresearch.codeclones.ConditionalOpDecodeRegExTest"/>
  <testcase name="test_other_code_is_not_matched" time="0.001" classname="lk.ac.mrt.cse.mscresearch.codeclones.ConditionalOpDecodeRegExTest"/>
  <testcase name="test_other_code_is_not_matched" time="0.0" classname="lk.ac.mrt.cse.mscresearch.codeclones.ConditionalOpDecodeRegExTest"/>
  <testcase name="test_other_code_is_not_matched" time="0.0" classname="lk.ac.mrt.cse.mscresearch.codeclones.ConditionalOpDecodeRegExTest"/>
  <testcase name="testinvoke" time="0.026" classname="lk.ac.mrt.cse.mscresearch.codeclones.ConditionalOpDecodeRegExTest"/>
  <testcase name="testinvoke" time="0.001" classname="lk.ac.mrt.cse.mscresearch.codeclones.ConditionalOpDecodeRegExTest"/>
  <testcase name="testinvoke" time="0.001" classname="lk.ac.mrt.cse.mscresearch.codeclones.ConditionalOpDecodeRegExTest"/>
  <testcase name="testinvoke" time="0.0" classname="lk.ac.mrt.cse.mscresearch.codeclones.ConditionalOpDecodeRegExTest"/>
  <testcase name="testinvoke" time="0.001" classname="lk.ac.mrt.cse.mscresearch.codeclones.ConditionalOpDecodeRegExTest"/>
  <testcase name="testinvoke" time="0.0" classname="lk.ac.mrt.cse.mscresearch.codeclones.ConditionalOpDecodeRegExTest"/>
  <testcase name="testinvoke" time="0.0" classname="lk.ac.mrt.cse.mscresearch.codeclones.ConditionalOpDecodeRegExTest"/>
  <testcase name="testinvoke" time="0.0" classname="lk.ac.mrt.cse.mscresearch.codeclones.ConditionalOpDecodeRegExTest"/>
  <testcase name="testinvoke" time="0.0" classname="lk.ac.mrt.cse.mscresearch.codeclones.ConditionalOpDecodeRegExTest"/>
  <testcase name="testinvoke" time="0.002" classname="lk.ac.mrt.cse.mscresearch.codeclones.ConditionalOpDecodeRegExTest"/>
  <testcase name="testinvoke" time="0.002" classname="lk.ac.mrt.cse.mscresearch.codeclones.ConditionalOpDecodeRegExTest"/>
  <testcase name="test_other_code_is_not_matched" time="0.001" classname="lk.ac.mrt.cse.mscresearch.codeclones.InstanceRegExTest"/>
  <testcase name="test_other_code_is_not_matched" time="0.0" classname="lk.ac.mrt.cse.mscresearch.codeclones.InstanceRegExTest"/>
  <testcase name="test_other_code_is_not_matched" time="0.001" classname="lk.ac.mrt.cse.mscresearch.codeclones.InstanceRegExTest"/>
  <testcase name="test_other_code_is_not_matched" time="0.0" classname="lk.ac.mrt.cse.mscresearch.codeclones.InstanceRegExTest"/>
  <testcase name="test_other_code_is_not_matched" time="0.007" classname="lk.ac.mrt.cse.mscresearch.codeclones.InstanceRegExTest"/>
  <testcase name="test_other_code_is_not_matched" time="0.0" classname="lk.ac.mrt.cse.mscresearch.codeclones.InstanceRegExTest"/>
  <testcase name="test_other_code_is_not_matched" time="0.0" classname="lk.ac.mrt.cse.mscresearch.codeclones.InstanceRegExTest"/>
  <testcase name="test_other_code_is_not_matched" time="0.0" classname="lk.ac.mrt.cse.mscresearch.codeclones.InstanceRegExTest"/>
  <testcase name="test_other_code_is_not_matched" time="0.0" classname="lk.ac.mrt.cse.mscresearch.codeclones.InstanceRegExTest"/>
  <testcase name="test_other_code_is_not_matched" time="0.001" classname="lk.ac.mrt.cse.mscresearch.codeclones.InstanceRegExTest"/>
  <testcase name="test_other_code_is_not_matched" time="0.001" classname="lk.ac.mrt.cse.mscresearch.codeclones.InstanceRegExTest"/>
  <testcase name="test_other_code_is_not_matched" time="0.0" classname="lk.ac.mrt.cse.mscresearch.codeclones.InstanceRegExTest"/>
  <testcase name="test_other_code_is_not_matched" time="0.0" classname="lk.ac.mrt.cse.mscresearch.codeclones.InstanceRegExTest"/>
  <testcase name="test_other_code_is_not_matched" time="0.001" classname="lk.ac.mrt.cse.mscresearch.codeclones.InstanceRegExTest"/>
  <testcase name="test_other_code_is_not_matched" time="0.0" classname="lk.ac.mrt.cse.mscresearch.codeclones.InstanceRegExTest"/>
  <testcase name="test_other_code_is_not_matched" time="0.0" classname="lk.ac.mrt.cse.mscresearch.codeclones.InstanceRegExTest"/>
  <testcase name="test_other_code_is_not_matched" time="0.0" classname="lk.ac.mrt.cse.mscresearch.codeclones.InstanceRegExTest"/>
  <testcase name="test_other_code_is_not_matched" time="0.001" classname="lk.ac.mrt.cse.mscresearch.codeclones.InstanceRegExTest"/>
  <testcase name="test_other_code_is_not_matched" time="0.0" classname="lk.ac.mrt.cse.mscresearch.codeclones.InstanceRegExTest"/>
  <testcase name="test_other_code_is_not_matched" time="0.001" classname="lk.ac.mrt.cse.mscresearch.codeclones.InstanceRegExTest"/>
  <testcase name="test_other_code_is_not_matched" time="0.0" classname="lk.ac.mrt.cse.mscresearch.codeclones.InstanceRegExTest"/>
  <testcase name="test_other_code_is_not_matched" time="0.0" classname="lk.ac.mrt.cse.mscresearch.codeclones.InstanceRegExTest"/>
  <testcase name="test_other_code_is_not_matched" time="0.0" classname="lk.ac.mrt.cse.mscresearch.codeclones.InstanceRegExTest"/>
  <testcase name="test_other_code_is_not_matched" time="0.0" classname="lk.ac.mrt.cse.mscresearch.codeclones.InstanceRegExTest"/>
  <testcase name="test_other_code_is_not_matched" time="0.0" classname="lk.ac.mrt.cse.mscresearch.codeclones.InstanceRegExTest"/>
  <testcase name="test_other_code_is_not_matched" time="0.001" classname="lk.ac.mrt.cse.mscresearch.codeclones.InstanceRegExTest"/>
  <testcase name="test_other_code_is_not_matched" time="0.0" classname="lk.ac.mrt.cse.mscresearch.codeclones.InstanceRegExTest"/>
  <testcase name="test_other_code_is_not_matched" time="0.001" classname="lk.ac.mrt.cse.mscresearch.codeclones.InstanceRegExTest"/>
  <testcase name="test_other_code_is_not_matched" time="0.0" classname="lk.ac.mrt.cse.mscresearch.codeclones.InstanceRegExTest"/>
  <testcase name="test_other_code_is_not_matched" time="0.001" classname="lk.ac.mrt.cse.mscresearch.codeclones.InstanceRegExTest"/>
  <testcase name="test_other_code_is_not_matched" time="0.002" classname="lk.ac.mrt.cse.mscresearch.codeclones.InstanceRegExTest"/>
  <testcase name="test_other_code_is_not_matched" time="0.001" classname="lk.ac.mrt.cse.mscresearch.codeclones.InstanceRegExTest"/>
  <testcase name="test_other_code_is_not_matched" time="0.0" classname="lk.ac.mrt.cse.mscresearch.codeclones.InstanceRegExTest"/>
  <testcase name="test_other_code_is_not_matched" time="0.001" classname="lk.ac.mrt.cse.mscresearch.codeclones.InstanceRegExTest"/>
  <testcase name="test_other_code_is_not_matched" time="0.0" classname="lk.ac.mrt.cse.mscresearch.codeclones.InstanceRegExTest"/>
  <testcase name="test_other_code_is_not_matched" time="0.0" classname="lk.ac.mrt.cse.mscresearch.codeclones.InstanceRegExTest"/>
  <testcase name="test_other_code_is_not_matched" time="0.001" classname="lk.ac.mrt.cse.mscresearch.codeclones.InstanceRegExTest"/>
  <testcase name="test_other_code_is_not_matched" time="0.0" classname="lk.ac.mrt.cse.mscresearch.codeclones.InstanceRegExTest"/>
  <testcase name="test_other_code_is_not_matched" time="0.0" classname="lk.ac.mrt.cse.mscresearch.codeclones.InstanceRegExTest"/>
  <testcase name="test_other_code_is_not_matched" time="0.0" classname="lk.ac.mrt.cse.mscresearch.codeclones.InstanceRegExTest"/>
  <testcase name="test_other_code_is_not_matched" time="0.0" classname="lk.ac.mrt.cse.mscresearch.codeclones.InstanceRegExTest"/>
  <testcase name="test_other_code_is_not_matched" time="0.001" classname="lk.ac.mrt.cse.mscresearch.codeclones.InstanceRegExTest"/>
  <testcase name="test_other_code_is_not_matched" time="0.0" classname="lk.ac.mrt.cse.mscresearch.codeclones.InstanceRegExTest"/>
  <testcase name="test_other_code_is_not_matched" time="0.001" classname="lk.ac.mrt.cse.mscresearch.codeclones.InstanceRegExTest"/>
  <testcase name="test_other_code_is_not_matched" time="0.0" classname="lk.ac.mrt.cse.mscresearch.codeclones.InstanceRegExTest"/>
  <testcase name="test_other_code_is_not_matched" time="0.001" classname="lk.ac.mrt.cse.mscresearch.codeclones.InstanceRegExTest"/>
  <testcase name="test_other_code_is_not_matched" time="0.0" classname="lk.ac.mrt.cse.mscresearch.codeclones.InstanceRegExTest"/>
  <testcase name="test_other_code_is_not_matched" time="0.001" classname="lk.ac.mrt.cse.mscresearch.codeclones.InstanceRegExTest"/>
  <testcase name="test_other_code_is_not_matched" time="0.0" classname="lk.ac.mrt.cse.mscresearch.codeclones.InstanceRegExTest"/>
  <testcase name="test_other_code_is_not_matched" time="0.0" classname="lk.ac.mrt.cse.mscresearch.codeclones.InstanceRegExTest"/>
  <testcase name="test_other_code_is_not_matched" time="0.0" classname="lk.ac.mrt.cse.mscresearch.codeclones.InstanceRegExTest"/>
  <testcase name="test_other_code_is_not_matched" time="0.001" classname="lk.ac.mrt.cse.mscresearch.codeclones.InstanceRegExTest"/>
  <testcase name="test_other_code_is_not_matched" time="0.0" classname="lk.ac.mrt.cse.mscresearch.codeclones.InstanceRegExTest"/>
  <testcase name="test_other_code_is_not_matched" time="0.001" classname="lk.ac.mrt.cse.mscresearch.codeclones.InstanceRegExTest"/>
  <testcase name="test_other_code_is_not_matched" time="0.0" classname="lk.ac.mrt.cse.mscresearch.codeclones.InstanceRegExTest"/>
  <testcase name="test_other_code_is_not_matched" time="0.001" classname="lk.ac.mrt.cse.mscresearch.codeclones.InstanceRegExTest"/>
  <testcase name="test_other_code_is_not_matched" time="0.0" classname="lk.ac.mrt.cse.mscresearch.codeclones.InstanceRegExTest"/>
  <testcase name="test_other_code_is_not_matched" time="0.001" classname="lk.ac.mrt.cse.mscresearch.codeclones.InstanceRegExTest"/>
  <testcase name="test_other_code_is_not_matched" time="0.031" classname="lk.ac.mrt.cse.mscresearch.codeclones.InstanceRegExTest"/>
  <testcase name="test_other_code_is_not_matched" time="0.0" classname="lk.ac.mrt.cse.mscresearch.codeclones.InstanceRegExTest"/>
  <testcase name="test_other_code_is_not_matched" time="0.001" classname="lk.ac.mrt.cse.mscresearch.codeclones.InstanceRegExTest"/>
  <testcase name="test_other_code_is_not_matched" time="0.0" classname="lk.ac.mrt.cse.mscresearch.codeclones.InstanceRegExTest"/>
  <testcase name="test_other_code_is_not_matched" time="0.0" classname="lk.ac.mrt.cse.mscresearch.codeclones.InstanceRegExTest"/>
[...]
  <testcase name="test_other_code_is_not_matched" time="0.0" classname="lk.ac.mrt.cse.mscresearch.codeclones.InvokeDecodeRegExTest"/>
  <testcase name="test_other_code_is_not_matched" time="0.0" classname="lk.ac.mrt.cse.mscresearch.codeclones.InvokeDecodeRegExTest"/>
  <testcase name="test_other_code_is_not_matched" time="0.0" classname="lk.ac.mrt.cse.mscresearch.codeclones.InvokeDecodeRegExTest"/>
  <testcase name="test_other_code_is_not_matched" time="0.006" classname="lk.ac.mrt.cse.mscresearch.codeclones.InvokeDecodeRegExTest"/>
  <testcase name="test_other_code_is_not_matched" time="0.0" classname="lk.ac.mrt.cse.mscresearch.codeclones.InvokeDecodeRegExTest"/>
  <testcase name="test_other_code_is_not_matched" time="0.0" classname="lk.ac.mrt.cse.mscresearch.codeclones.InvokeDecodeRegExTest"/>
  <testcase name="test_other_code_is_not_matched" time="0.0" classname="lk.ac.mrt.cse.mscresearch.codeclones.InvokeDecodeRegExTest"/>
  <testcase name="test_other_code_is_not_matched" time="0.0" classname="lk.ac.mrt.cse.mscresearch.codeclones.InvokeDecodeRegExTest"/>
  <testcase name="test_other_code_is_not_matched" time="0.001" classname="lk.ac.mrt.cse.mscresearch.codeclones.InvokeDecodeRegExTest"/>
  <testcase name="test_other_code_is_not_matched" time="0.0" classname="lk.ac.mrt.cse.mscresearch.codeclones.InvokeDecodeRegExTest"/>
  <testcase name="test_other_code_is_not_matched" time="0.0" classname="lk.ac.mrt.cse.mscresearch.codeclones.InvokeDecodeRegExTest"/>
  <testcase name="test_other_code_is_not_matched" time="0.0" classname="lk.ac.mrt.cse.mscresearch.codeclones.InvokeDecodeRegExTest"/>
  <testcase name="test_other_code_is_not_matched" time="0.001" classname="lk.ac.mrt.cse.mscresearch.codeclones.InvokeDecodeRegExTest"/>
  <testcase name="test_other_code_is_not_matched" time="0.0" classname="lk.ac.mrt.cse.mscresearch.codeclones.InvokeDecodeRegExTest"/>
  <testcase name="test_other_code_is_not_matched" time="0.0" classname="lk.ac.mrt.cse.mscresearch.codeclones.InvokeDecodeRegExTest"/>
  <testcase name="test_other_code_is_not_matched" time="0.001" classname="lk.ac.mrt.cse.mscresearch.codeclones.InvokeDecodeRegExTest"/>
  <testcase name="test_other_code_is_not_matched" time="0.0" classname="lk.ac.mrt.cse.mscresearch.codeclones.InvokeDecodeRegExTest"/>
  <testcase name="test_other_code_is_not_matched" time="0.0" classname="lk.ac.mrt.cse.mscresearch.codeclones.InvokeDecodeRegExTest"/>
  <testcase name="test_other_code_is_not_matched" time="0.0" classname="lk.ac.mrt.cse.mscresearch.codeclones.InvokeDecodeRegExTest"/>
  <testcase name="test_other_code_is_not_matched" time="0.0" classname="lk.ac.mrt.cse.mscresearch.codeclones.InvokeDecodeRegExTest"/>
  <testcase name="test_other_code_is_not_matched" time="0.001" classname="lk.ac.mrt.cse.mscresearch.codeclones.InvokeDecodeRegExTest"/>
  <testcase name="test_other_code_is_not_matched" time="0.0" classname="lk.ac.mrt.cse.mscresearch.codeclones.InvokeDecodeRegExTest"/>
  <testcase name="test_other_code_is_not_matched" time="0.0" classname="lk.ac.mrt.cse.mscresearch.codeclones.InvokeDecodeRegExTest"/>
  <testcase name="test_other_code_is_not_matched" time="0.0" classname="lk.ac.mrt.cse.mscresearch.codeclones.InvokeDecodeRegExTest"/>
  <testcase name="test_other_code_is_not_matched" time="0.0" classname="lk.ac.mrt.cse.mscresearch.codeclones.InvokeDecodeRegExTest"/>
  <testcase name="test_other_code_is_not_matched" time="0.0" classname="lk.ac.mrt.cse.mscresearch.codeclones.InvokeDecodeRegExTest"/>
  <testcase name="test_other_code_is_not_matched" time="0.0" classname="lk.ac.mrt.cse.mscresearch.codeclones.InvokeDecodeRegExTest"/>
  <testcase name="test_other_code_is_not_matched" time="0.001" classname="lk.ac.mrt.cse.mscresearch.codeclones.InvokeDecodeRegExTest"/>
  <testcase name="test_other_code_is_not_matched" time="0.0" classname="lk.ac.mrt.cse.mscresearch.codeclones.InvokeDecodeRegExTest"/>
  <testcase name="test_other_code_is_not_matched" time="0.0" classname="lk.ac.mrt.cse.mscresearch.codeclones.InvokeDecodeRegExTest"/>
  <testcase name="test_other_code_is_not_matched" time="0.0" classname="lk.ac.mrt.cse.mscresearch.codeclones.InvokeDecodeRegExTest"/>
  <testcase name="test_other_code_is_not_matched" time="0.0" classname="lk.ac.mrt.cse.mscresearch.codeclones.InvokeDecodeRegExTest"/>
  <testcase name="test_other_code_is_not_matched" time="0.0" classname="lk.ac.mrt.cse.mscresearch.codeclones.InvokeDecodeRegExTest"/>
  <testcase name="test_other_code_is_not_matched" time="0.0" classname="lk.ac.mrt.cse.mscresearch.codeclones.InvokeDecodeRegExTest"/>
  <testcase name="test_other_code_is_not_matched" time="0.001" classname="lk.ac.mrt.cse.mscresearch.codeclones.InvokeDecodeRegExTest"/>
  <testcase name="test_other_code_is_not_matched" time="0.0" classname="lk.ac.mrt.cse.mscresearch.codeclones.InvokeDecodeRegExTest"/>
  <testcase name="test_other_code_is_not_matched" time="0.0" classname="lk.ac.mrt.cse.mscresearch.codeclones.InvokeDecodeRegExTest"/>
  <testcase name="test_other_code_is_not_matched" time="0.0" classname="lk.ac.mrt.cse.mscresearch.codeclones.InvokeDecodeRegExTest"/>
  <testcase name="test_other_code_is_not_matched" time="0.0" classname="lk.ac.mrt.cse.mscresearch.codeclones.InvokeDecodeRegExTest"/>
  <testcase name="test_other_code_is_not_matched" time="0.025" classname="lk.ac.mrt.cse.mscresearch.codeclones.InvokeDecodeRegExTest"/>
  <testcase name="test_other_code_is_not_matched" time="0.0" classname="lk.ac.mrt.cse.mscresearch.codeclones.InvokeDecodeRegExTest"/>
  <testcase name="test_other_code_is_not_matched" time="0.0" classname="lk.ac.mrt.cse.mscresearch.codeclones.InvokeDecodeRegExTest"/>
  <testcase name="test_other_code_is_not_matched" time="0.0" classname="lk.ac.mrt.cse.mscresearch.codeclones.InvokeDecodeRegExTest"/>
  <testcase name="test_other_code_is_not_matched" time="0.0" classname="lk.ac.mrt.cse.mscresearch.codeclones.InvokeDecodeRegExTest"/>
  <testcase name="test_other_code_is_not_matched" time="0.0" classname="lk.ac.mrt.cse.mscresearch.codeclones.InvokeDecodeRegExTest"/>
  <testcase name="test_other_code_is_not_matched" time="0.0" classname="lk.ac.mrt.cse.mscresearch.codeclones.InvokeDecodeRegExTest"/>
  <testcase name="test_other_code_is_not_matched" time="0.0" classname="lk.ac.mrt.cse.mscresearch.codeclones.InvokeDecodeRegExTest"/>
  <testcase name="test_other_code_is_not_matched" time="0.0" classname="lk.ac.mrt.cse.mscresearch.codeclones.InvokeDecodeRegExTest"/>
  <testcase name="test_other_code_is_not_matched" time="0.001" classname="lk.ac.mrt.cse.mscresearch.codeclones.InvokeDecodeRegExTest"/>
  <testcase name="test_other_code_is_not_matched" time="0.0" classname="lk.ac.mrt.cse.mscresearch.codeclones.InvokeDecodeRegExTest"/>
  <testcase name="test_other_code_is_not_matched" time="0.0" classname="lk.ac.mrt.cse.mscresearch.codeclones.InvokeDecodeRegExTest"/>
  <testcase name="test_other_code_is_not_matched" time="0.0" classname="lk.ac.mrt.cse.mscresearch.codeclones.InvokeDecodeRegExTest"/>
  <testcase name="test_other_code_is_not_matched" time="0.0" classname="lk.ac.mrt.cse.mscresearch.codeclones.InvokeDecodeRegExTest"/>
  <testcase name="test_other_code_is_not_matched" time="0.001" classname="lk.ac.mrt.cse.mscresearch.codeclones.InvokeDecodeRegExTest"/>
  <testcase name="test_other_code_is_not_matched" time="0.0" classname="lk.ac.mrt.cse.mscresearch.codeclones.InvokeDecodeRegExTest"/>
  <testcase name="test_other_code_is_not_matched" time="0.0" classname="lk.ac.mrt.cse.mscresearch.codeclones.InvokeDecodeRegExTest"/>
  <testcase name="test_other_code_is_not_matched" time="0.0" classname="lk.ac.mrt.cse.mscresearch.codeclones.InvokeDecodeRegExTest"/>
  <testcase name="test_other_code_is_not_matched" time="0.0" classname="lk.ac.mrt.cse.mscresearch.codeclones.InvokeDecodeRegExTest"/>
  <testcase name="test_other_code_is_not_matched" time="0.0" classname="lk.ac.mrt.cse.mscresearch.codeclones.InvokeDecodeRegExTest"/>
  <testcase name="test_other_code_is_not_matched" time="0.0" classname="lk.ac.mrt.cse.mscresearch.codeclones.InvokeDecodeRegExTest"/>
  <testcase name="test_other_code_is_not_matched" time="0.0" classname="lk.ac.mrt.cse.mscresearch.codeclones.InvokeDecodeRegExTest"/>
  <testcase name="test_other_code_is_not_matched" time="0.0" classname="lk.ac.mrt.cse.mscresearch.codeclones.InvokeDecodeRegExTest"/>
  <testcase name="test_other_code_is_not_matched" time="0.0" classname="lk.ac.mrt.cse.mscresearch.codeclones.InvokeDecodeRegExTest"/>
  <testcase name="test_other_code_is_not_matched" time="0.0" classname="lk.ac.mrt.cse.mscresearch.codeclones.InvokeDecodeRegExTest"/>
  <testcase name="test_other_code_is_not_matched" time="0.0" classname="lk.ac.mrt.cse.mscresearch.codeclones.InvokeDecodeRegExTest"/>
  <testcase name="test_other_code_is_not_matched" time="0.0" classname="lk.ac.mrt.cse.mscresearch.codeclones.InvokeDecodeRegExTest"/>
  <testcase name="test_other_code_is_not_matched" time="0.0" classname="lk.ac.mrt.cse.mscresearch.codeclones.InvokeDecodeRegExTest"/>
  <testcase name="test_other_code_is_not_matched" time="0.001" classname="lk.ac.mrt.cse.mscresearch.codeclones.InvokeDecodeRegExTest"/>
  <testcase name="test_other_code_is_not_matched" time="0.0" classname="lk.ac.mrt.cse.mscresearch.codeclones.InvokeDecodeRegExTest"/>
  <testcase name="test_other_code_is_not_matched" time="0.026" classname="lk.ac.mrt.cse.mscresearch.codeclones.InvokeDecodeRegExTest"/>
  <testcase name="test_other_code_is_not_matched" time="0.0" classname="lk.ac.mrt.cse.mscresearch.codeclones.InvokeDecodeRegExTest"/>
  <testcase name="test_other_code_is_not_matched" time="0.0" classname="lk.ac.mrt.cse.mscresearch.codeclones.InvokeDecodeRegExTest"/>
  <testcase name="test_other_code_is_not_matched" time="0.0" classname="lk.ac.mrt.cse.mscresearch.codeclones.InvokeDecodeRegExTest"/>
  <testcase name="test_other_code_is_not_matched" time="0.001" classname="lk.ac.mrt.cse.mscresearch.codeclones.InvokeDecodeRegExTest"/>
  <testcase name="test_other_code_is_not_matched" time="0.0" classname="lk.ac.mrt.cse.mscresearch.codeclones.InvokeDecodeRegExTest"/>
  <testcase name="test_other_code_is_not_matched" time="0.0" classname="lk.ac.mrt.cse.mscresearch.codeclones.InvokeDecodeRegExTest"/>
  <testcase name="test_other_code_is_not_matched" time="0.0" classname="lk.ac.mrt.cse.mscresearch.codeclones.InvokeDecodeRegExTest"/>
  <testcase name="test_other_code_is_not_matched" time="0.0" classname="lk.ac.mrt.cse.mscresearch.codeclones.InvokeDecodeRegExTest"/>
  <testcase name="test_other_code_is_not_matched" time="0.0" classname="lk.ac.mrt.cse.mscresearch.codeclones.InvokeDecodeRegExTest"/>
  <testcase name="test_other_code_is_not_matched" time="0.0" classname="lk.ac.mrt.cse.mscresearch.codeclones.InvokeDecodeRegExTest"/>
  <testcase name="test_other_code_is_not_matched" time="0.0" classname="lk.ac.mrt.cse.mscresearch.codeclones.InvokeDecodeRegExTest"/>
  <testcase name="test_other_code_is_not_matched" time="0.0" classname="lk.ac.mrt.cse.mscresearch.codeclones.InvokeDecodeRegExTest"/>
  <testcase name="test_other_code_is_not_matched" time="0.0" classname="lk.ac.mrt.cse.mscresearch.codeclones.InvokeDecodeRegExTest"/>
  <testcase name="test_other_code_is_not_matched" time="0.0" classname="lk.ac.mrt.cse.mscresearch.codeclones.InvokeDecodeRegExTest"/>
  <testcase name="test_other_code_is_not_matched" time="0.0" classname="lk.ac.mrt.cse.mscresearch.codeclones.InvokeDecodeRegExTest"/>
  <testcase name="test_other_code_is_not_matched" time="0.0" classname="lk.ac.mrt.cse.mscresearch.codeclones.InvokeDecodeRegExTest"/>
  <testcase name="test_other_code_is_not_matched" time="0.0" classname="lk.ac.mrt.cse.mscresearch.codeclones.InvokeDecodeRegExTest"/>
  <testcase name="test_other_code_is_not_matched" time="0.0" classname="lk.ac.mrt.cse.mscresearch.codeclones.InvokeDecodeRegExTest"/>
  <testcase name="test_other_code_is_not_matched" time="0.0" classname="lk.ac.mrt.cse.mscresearch.codeclones.InvokeDecodeRegExTest"/>
  <testcase name="test_other_code_is_not_matched" time="0.0" classname="lk.ac.mrt.cse.mscresearch.codeclones.InvokeDecodeRegExTest"/>
  <testcase name="test_other_code_is_not_matched" time="0.0" classname="lk.ac.mrt.cse.mscresearch.codeclones.InvokeDecodeRegExTest"/>
  <testcase name="test_other_code_is_not_matched" time="0.0" classname="lk.ac.mrt.cse.mscresearch.codeclones.InvokeDecodeRegExTest"/>
  <testcase name="test_other_code_is_not_matched" time="0.0" classname="lk.ac.mrt.cse.mscresearch.codeclones.InvokeDecodeRegExTest"/>
  <testcase name="test_other_code_is_not_matched" time="0.0" classname="lk.ac.mrt.cse.mscresearch.codeclones.InvokeDecodeRegExTest"/>
  <testcase name="test_other_code_is_not_matched" time="0.0" classname="lk.ac.mrt.cse.mscresearch.codeclones.InvokeDecodeRegExTest"/>
  <testcase name="test_other_code_is_not_matched" time="0.0" classname="lk.ac.mrt.cse.mscresearch.codeclones.InvokeDecodeRegExTest"/>
  <testcase name="test_other_code_is_not_matched" time="0.0" classname="lk.ac.mrt.cse.mscresearch.codeclones.InvokeDecodeRegExTest"/>
  <testcase name="test_other_code_is_not_matched" time="0.0" classname="lk.ac.mrt.cse.mscresearch.codeclones.InvokeDecodeRegExTest"/>
  <testcase name="test_other_code_is_not_matched" time="0.0" classname="lk.ac.mrt.cse.mscresearch.codeclones.InvokeDecodeRegExTest"/>
  <testcase name="test_other_code_is_not_matched" time="0.0" classname="lk.ac.mrt.cse.mscresearch.codeclones.InvokeDecodeRegExTest"/>
  <testcase name="test_other_code_is_not_matched" time="0.024" classname="lk.ac.mrt.cse.mscresearch.codeclones.InvokeDecodeRegExTest"/>
  <testcase name="test_other_code_is_not_matched" time="0.0" classname="lk.ac.mrt.cse.mscresearch.codeclones.InvokeDecodeRegExTest"/>
  <testcase name="test_other_code_is_not_matched" time="0.0" classname="lk.ac.mrt.cse.mscresearch.codeclones.InvokeDecodeRegExTest"/>
  <testcase name="test_other_code_is_not_matched" time="0.0" classname="lk.ac.mrt.cse.mscresearch.codeclones.InvokeDecodeRegExTest"/>
  <testcase name="test_other_code_is_not_matched" time="0.0" classname="lk.ac.mrt.cse.mscresearch.codeclones.InvokeDecodeRegExTest"/>
  <testcase name="test_other_code_is_not_matched" time="0.0" classname="lk.ac.mrt.cse.mscresearch.codeclones.InvokeDecodeRegExTest"/>
  <testcase name="test_other_code_is_not_matched" time="0.0" classname="lk.ac.mrt.cse.mscresearch.codeclones.InvokeDecodeRegExTest"/>
  <testcase name="test_other_code_is_not_matched" time="0.0" classname="lk.ac.mrt.cse.mscresearch.codeclones.InvokeDecodeRegExTest"/>
  <testcase name="test_other_code_is_not_matched" time="0.001" classname="lk.ac.mrt.cse.mscresearch.codeclones.InvokeDecodeRegExTest"/>
  <testcase name="test_other_code_is_not_matched" time="0.0" classname="lk.ac.mrt.cse.mscresearch.codeclones.InvokeDecodeRegExTest"/>
  <testcase name="test_other_code_is_not_matched" time="0.0" classname="lk.ac.mrt.cse.mscresearch.codeclones.InvokeDecodeRegExTest"/>
  <testcase name="test_other_code_is_not_matched" time="0.0" classname="lk.ac.mrt.cse.mscresearch.codeclones.InvokeDecodeRegExTest"/>
  <testcase name="test_other_code_is_not_matched" time="0.0" classname="lk.ac.mrt.cse.mscresearch.codeclones.InvokeDecodeRegExTest"/>
  <testcase name="test_other_code_is_not_matched" time="0.0" classname="lk.ac.mrt.cse.mscresearch.codeclones.InvokeDecodeRegExTest"/>
  <testcase name="test_other_code_is_not_matched" time="0.0" classname="lk.ac.mrt.cse.mscresearch.codeclones.InvokeDecodeRegExTest"/>
  <testcase name="test_other_code_is_not_matched" time="0.0" classname="lk.ac.mrt.cse.mscresearch.codeclones.InvokeDecodeRegExTest"/>
  <testcase name="test_other_code_is_not_matched" time="0.0" classname="lk.ac.mrt.cse.mscresearch.codeclones.InvokeDecodeRegExTest"/>
  <testcase name="test_other_code_is_not_matched" time="0.0" classname="lk.ac.mrt.cse.mscresearch.codeclones.InvokeDecodeRegExTest"/>
  <testcase name="test_other_code_is_not_matched" time="0.0" classname="lk.ac.mrt.cse.mscresearch.codeclones.InvokeDecodeRegExTest"/>
  <testcase name="test_other_code_is_not_matched" time="0.0" classname="lk.ac.mrt.cse.mscresearch.codeclones.InvokeDecodeRegExTest"/>
  <testcase name="test_other_code_is_not_matched" time="0.0" classname="lk.ac.mrt.cse.mscresearch.codeclones.InvokeDecodeRegExTest"/>
  <testcase name="test_other_code_is_not_matched" time="0.0" classname="lk.ac.mrt.cse.mscresearch.codeclones.InvokeDecodeRegExTest"/>
  <testcase name="test_other_code_is_not_matched" time="0.0" classname="lk.ac.mrt.cse.mscresearch.codeclones.InvokeDecodeRegExTest"/>
  <testcase name="test_other_code_is_not_matched" time="0.001" classname="lk.ac.mrt.cse.mscresearch.codeclones.InvokeDecodeRegExTest"/>
  <testcase name="test_other_code_is_not_matched" time="0.0" classname="lk.ac.mrt.cse.mscresearch.codeclones.InvokeDecodeRegExTest"/>
  <testcase name="test_other_code_is_not_matched" time="0.0" classname="lk.ac.mrt.cse.mscresearch.codeclones.InvokeDecodeRegExTest"/>
  <testcase name="test_other_code_is_not_matched" time="0.0" classname="lk.ac.mrt.cse.mscresearch.codeclones.InvokeDecodeRegExTest"/>
  <testcase name="test_other_code_is_not_matched" time="0.0" classname="lk.ac.mrt.cse.mscresearch.codeclones.InvokeDecodeRegExTest"/>
  <testcase name="test_other_code_is_not_matched" time="0.0" classname="lk.ac.mrt.cse.mscresearch.codeclones.InvokeDecodeRegExTest"/>
  <testcase name="test_other_code_is_not_matched" time="0.0" classname="lk.ac.mrt.cse.mscresearch.codeclones.InvokeDecodeRegExTest"/>
  <testcase name="test_other_code_is_not_matched" time="0.0" classname="lk.ac.mrt.cse.mscresearch.codeclones.InvokeDecodeRegExTest"/>
  <testcase name="test_other_code_is_not_matched" time="0.001" classname="lk.ac.mrt.cse.mscresearch.codeclones.InvokeDecodeRegExTest"/>
  <testcase name="testinvoke" time="0.0" classname="lk.ac.mrt.cse.mscresearch.codeclones.InvokeDecodeRegExTest"/>
  <testcase name="testinvoke" time="0.0" classname="lk.ac.mrt.cse.mscresearch.codeclones.InvokeDecodeRegExTest"/>
  <testcase name="testinvoke" time="0.0" classname="lk.ac.mrt.cse.mscresearch.codeclones.InvokeDecodeRegExTest"/>
  <testcase name="testinvoke" time="0.0" classname="lk.ac.mrt.cse.mscresearch.codeclones.InvokeDecodeRegExTest"/>
  <testcase name="testinvoke" time="0.0" classname="lk.ac.mrt.cse.mscresearch.codeclones.InvokeDecodeRegExTest"/>
  <testcase name="testinvoke" time="0.0" classname="lk.ac.mrt.cse.mscresearch.codeclones.InvokeDecodeRegExTest"/>
  <testcase name="testinvoke" time="0.0" classname="lk.ac.mrt.cse.mscresearch.codeclones.InvokeDecodeRegExTest"/>
  <testcase name="testinvoke" time="0.001" classname="lk.ac.mrt.cse.mscresearch.codeclones.InvokeDecodeRegExTest"/>
  <testcase name="testinvoke" time="0.0" classname="lk.ac.mrt.cse.mscresearch.codeclones.InvokeDecodeRegExTest"/>
  <testcase name="testinvoke" time="0.0" classname="lk.ac.mrt.cse.mscresearch.codeclones.InvokeDecodeRegExTest"/>
  <testcase name="testinvoke" time="0.0" classname="lk.ac.mrt.cse.mscresearch.codeclones.InvokeDecodeRegExTest"/>
  <testcase name="testinvoke" time="0.0" classname="lk.ac.mrt.cse.mscresearch.codeclones.InvokeDecodeRegExTest"/>
  <testcase name="testinvoke" time="0.0" classname="lk.ac.mrt.cse.mscresearch.codeclones.InvokeDecodeRegExTest"/>
  <testcase name="testinvoke" time="0.001" classname="lk.ac.mrt.cse.mscresearch.codeclones.InvokeDecodeRegExTest"/>
  <testcase name="testinvoke" time="0.0" classname="lk.ac.mrt.cse.mscresearch.codeclones.InvokeDecodeRegExTest"/>
  <testcase name="testinvoke" time="0.0" classname="lk.ac.mrt.cse.mscresearch.codeclones.InvokeDecodeRegExTest"/>
  <testcase name="testinvoke" time="0.0" classname="lk.ac.mrt.cse.mscresearch.codeclones.InvokeDecodeRegExTest"/>
  <testcase name="testinvoke" time="0.003" classname="lk.ac.mrt.cse.mscresearch.codeclones.bytecode.InstructionTokenizerTest"/>
  <testcase name="testinvoke_infile" time="0.0" classname="lk.ac.mrt.cse.mscresearch.codeclones.bytecode.InstructionTokenizerTest"/>
</testsuite> <!-- Default test -->
